Unity Editor version:    6000.0.33f1 (433b0a79340b)
Branch:                  6000.0/staging
Build type:              Release
Batch mode:              YES
macOS version:           Version 15.1.1 (Build 24B91)
Darwin version:          24.1.0
Architecture:            x86_64
Running under Rosetta:   YES
Available memory:        16384 MB
Using pre-set license
Pro License: YES

COMMAND LINE ARGUMENTS:
/Applications/Unity/Hub/Editor/6000.0.33f1-x86_64/Unity.app/Contents/MacOS/Unity
-adb2
-batchMode
-noUpm
-name
AssetImportWorker1
-projectPath
/Users/jakefogel/Code Projects/GameJam2025/McGameJam2025/McGameJam 2025
-logFile
Logs/AssetImportWorker1.log
-srvPort
51859
-job-worker-count
3
-background-job-worker-count
8
-gc-helper-count
1
Successfully changed project path to: /Users/jakefogel/Code Projects/GameJam2025/McGameJam2025/McGameJam 2025
/Users/jakefogel/Code Projects/GameJam2025/McGameJam2025/McGameJam 2025
[UnityMemory] Configuration Parameters - Can be set up in boot.config
    "memorysetup-bucket-allocator-granularity=16"
    "memorysetup-bucket-allocator-bucket-count=8"
    "memorysetup-bucket-allocator-block-size=33554432"
    "memorysetup-bucket-allocator-block-count=8"
    "memorysetup-main-allocator-block-size=16777216"
    "memorysetup-thread-allocator-block-size=16777216"
    "memorysetup-gfx-main-allocator-block-size=16777216"
    "memorysetup-gfx-thread-allocator-block-size=16777216"
    "memorysetup-cache-allocator-block-size=4194304"
    "memorysetup-typetree-allocator-block-size=2097152"
    "memorysetup-profiler-bucket-allocator-granularity=16"
    "memorysetup-profiler-bucket-allocator-bucket-count=8"
    "memorysetup-profiler-bucket-allocator-block-size=33554432"
    "memorysetup-profiler-bucket-allocator-block-count=8"
    "memorysetup-profiler-allocator-block-size=16777216"
    "memorysetup-profiler-editor-allocator-block-size=1048576"
    "memorysetup-temp-allocator-size-main=16777216"
    "memorysetup-job-temp-allocator-block-size=2097152"
    "memorysetup-job-temp-allocator-block-size-background=1048576"
    "memorysetup-job-temp-allocator-reduction-small-platforms=262144"
    "memorysetup-allocator-temp-initial-block-size-main=262144"
    "memorysetup-allocator-temp-initial-block-size-worker=262144"
    "memorysetup-temp-allocator-size-background-worker=32768"
    "memorysetup-temp-allocator-size-job-worker=262144"
    "memorysetup-temp-allocator-size-preload-manager=33554432"
    "memorysetup-temp-allocator-size-nav-mesh-worker=65536"
    "memorysetup-temp-allocator-size-audio-worker=65536"
    "memorysetup-temp-allocator-size-cloud-worker=32768"
    "memorysetup-temp-allocator-size-gi-baking-worker=262144"
    "memorysetup-temp-allocator-size-gi-baking-worker=262144"
    "memorysetup-temp-allocator-size-gi-baking-worker=262144"
    "memorysetup-temp-allocator-size-gi-baking-worker=262144"
    "memorysetup-temp-allocator-size-gi-baking-worker=262144"
    "memorysetup-temp-allocator-size-gfx=262144"
Player connection [8724869632]  Target information:

Player connection [8724869632]  * "[IP] 10.122.151.26 [Port] 0 [Flags] 2 [Guid] 2794710533 [EditorId] 2794710533 [Version] 1048832 [Id] OSXEditor(0,Jakes-MacBook-Pro.local) [Debug] 1 [PackageName] OSXEditor [ProjectName] Editor" 

Player connection [8724869632] Host joined multi-casting on [225.0.0.222:54997]...
Player connection [8724869632] Host joined alternative multi-casting on [225.0.0.222:34997]...
JobSystem: Creating JobQueue using job-worker-count value 3
[Physics::Module] Initialized fallback backend.
[Physics::Module] Id: 0xdecafbad
Library Redirect Path: Library/
[Physics::Module] Selected backend.
[Physics::Module] Name: PhysX
[Physics::Module] Id: 0xf2b8ea05
[Physics::Module] SDK Version: 4.1.2
[Physics::Module] Integration Version: 1.0.0
[Physics::Module] Threading Mode: Multi-Threaded
Refreshing native plugins compatible for Editor in 0.00 ms, found 0 plugins.
Preloading 0 native plugins for Editor in 0.00 ms.
Initialize engine version: 6000.0.33f1 (433b0a79340b)
[Subsystems] Discovering subsystems at path /Applications/Unity/Hub/Editor/6000.0.33f1-x86_64/Unity.app/Contents/Resources/UnitySubsystems
[Subsystems] Discovering subsystems at path /Users/jakefogel/Code Projects/GameJam2025/McGameJam2025/McGameJam 2025/Assets
GfxDevice: creating device client; kGfxThreadingModeNonThreaded
 preferred device: Apple M1 Pro (high power)
Metal devices available: 1
0: Apple M1 Pro (high power)
Using device Apple M1 Pro (high power)
Initializing Metal device caps: Apple M1 Pro
Initialize mono
Mono path[0] = '/Applications/Unity/Hub/Editor/6000.0.33f1-x86_64/Unity.app/Contents/Managed'
Mono path[1] = '/Applications/Unity/Hub/Editor/6000.0.33f1-x86_64/Unity.app/Contents/MonoBleedingEdge/lib/mono/unityjit-macos'
Mono config path = '/Applications/Unity/Hub/Editor/6000.0.33f1-x86_64/Unity.app/Contents/MonoBleedingEdge/etc'
Using monoOptions --debugger-agent=transport=dt_socket,embedding=1,server=y,suspend=n,address=127.0.0.1:56935
Begin MonoManager ReloadAssembly
Registering precompiled unity dll's ...
Register platform support module: /Applications/Unity/Hub/Editor/6000.0.33f1-x86_64/Unity.app/Contents/PlaybackEngines/MacStandaloneSupport/UnityEditor.OSXStandalone.Extensions.dll
Registered in 0.001380 seconds.
- Loaded All Assemblies, in  0.731 seconds
Native extension for OSXStandalone target not found
Mono: successfully reloaded assembly
- Finished resetting the current domain, in  2.158 seconds
Domain Reload Profiling: 2892ms
	BeginReloadAssembly (256ms)
		ExecutionOrderSort (0ms)
		DisableScriptedObjects (0ms)
		BackupInstance (0ms)
		ReleaseScriptingObjects (0ms)
		CreateAndSetChildDomain (3ms)
	RebuildCommonClasses (55ms)
	RebuildNativeTypeToScriptingClass (15ms)
	initialDomainReloadingComplete (178ms)
	LoadAllAssembliesAndSetupDomain (226ms)
		LoadAssemblies (254ms)
		RebuildTransferFunctionScriptingTraits (0ms)
		AnalyzeDomain (215ms)
			TypeCache.Refresh (212ms)
				TypeCache.ScanAssembly (194ms)
			BuildScriptInfoCaches (0ms)
			ResolveRequiredComponents (2ms)
	FinalizeReload (2161ms)
		ReleaseScriptCaches (0ms)
		RebuildScriptCaches (0ms)
		SetupLoadedEditorAssemblies (2038ms)
			LogAssemblyErrors (0ms)
			InitializePlatformSupportModulesInManaged (235ms)
			SetLoadedEditorAssemblies (21ms)
			BeforeProcessingInitializeOnLoad (424ms)
			ProcessInitializeOnLoadAttributes (872ms)
			ProcessInitializeOnLoadMethodAttributes (485ms)
			AfterProcessingInitializeOnLoad (0ms)
			EditorAssembliesLoaded (1ms)
		ExecutionOrderSort2 (0ms)
		AwakeInstancesAfterBackupRestoration (0ms)
========================================================================
Worker process is ready to serve import requests
Import Worker Mode flag is 0x00
Begin MonoManager ReloadAssembly
- Loaded All Assemblies, in  0.580 seconds
Refreshing native plugins compatible for Editor in 0.00 ms, found 0 plugins.
Native extension for OSXStandalone target not found
Mono: successfully reloaded assembly
- Finished resetting the current domain, in  1.983 seconds
Domain Reload Profiling: 2565ms
	BeginReloadAssembly (417ms)
		ExecutionOrderSort (0ms)
		DisableScriptedObjects (51ms)
		BackupInstance (0ms)
		ReleaseScriptingObjects (0ms)
		CreateAndSetChildDomain (50ms)
	RebuildCommonClasses (55ms)
	RebuildNativeTypeToScriptingClass (14ms)
	initialDomainReloadingComplete (67ms)
	LoadAllAssembliesAndSetupDomain (26ms)
		LoadAssemblies (207ms)
		RebuildTransferFunctionScriptingTraits (0ms)
		AnalyzeDomain (17ms)
			TypeCache.Refresh (10ms)
				TypeCache.ScanAssembly (5ms)
			BuildScriptInfoCaches (3ms)
			ResolveRequiredComponents (1ms)
	FinalizeReload (1986ms)
		ReleaseScriptCaches (0ms)
		RebuildScriptCaches (0ms)
		SetupLoadedEditorAssemblies (1423ms)
			LogAssemblyErrors (0ms)
			InitializePlatformSupportModulesInManaged (23ms)
			SetLoadedEditorAssemblies (25ms)
			BeforeProcessingInitializeOnLoad (364ms)
			ProcessInitializeOnLoadAttributes (836ms)
			ProcessInitializeOnLoadMethodAttributes (174ms)
			AfterProcessingInitializeOnLoad (1ms)
			EditorAssembliesLoaded (0ms)
		ExecutionOrderSort2 (0ms)
		AwakeInstancesAfterBackupRestoration (23ms)
Launching external process: /Applications/Unity/Hub/Editor/6000.0.33f1-x86_64/Unity.app/Contents/Tools/UnityShaderCompiler
Launched and connected shader compiler UnityShaderCompiler after 0.11 seconds
Refreshing native plugins compatible for Editor in 0.00 ms, found 0 plugins.
Preloading 0 native plugins for Editor in 0.00 ms.
Unloading 6 Unused Serialized files (Serialized files now loaded: 0)
Unloading 67 unused Assets / (31.4 KB). Loaded Objects now: 562.
Memory consumption went from 57.3 MB to 57.2 MB.
Total: 3.882708 ms (FindLiveObjects: 0.039917 ms CreateObjectMapping: 0.005500 ms MarkObjects: 3.505125 ms  DeleteObjects: 0.331042 ms)

========================================================================
Received Import Request.
  Time since last request: 826497.390546 seconds.
  path: Assets/BrokenVector/LowPolyStoragePack/Prefabs/Amp_Rack_02.prefab
  artifactKey: Guid(164922da0c45e13499cbb9c0d181acf4) Importer(815301076,1909f56bfc062723c751e8b465ee728b)
Start importing Assets/BrokenVector/LowPolyStoragePack/Prefabs/Amp_Rack_02.prefab using Guid(164922da0c45e13499cbb9c0d181acf4) Importer(815301076,1909f56bfc062723c751e8b465ee728b) (PreviewImporter) -> (artifact id: '3839f2465e6ba4ddfaa720ca22af2b45') in 0.962627667 seconds
Number of updated asset objects reloaded before import = 0Number of asset objects unloaded after import = 12

========================================================================
Received Import Request.
  Time since last request: 0.000154 seconds.
  path: Assets/BrokenVector/LowPolyStoragePack/Prefabs/Bag_02_Green.prefab
  artifactKey: Guid(0cacfa8ee8c79f6469b49ae380836779) Importer(815301076,1909f56bfc062723c751e8b465ee728b)
Start importing Assets/BrokenVector/LowPolyStoragePack/Prefabs/Bag_02_Green.prefab using Guid(0cacfa8ee8c79f6469b49ae380836779) Importer(815301076,1909f56bfc062723c751e8b465ee728b) (PreviewImporter) -> (artifact id: 'a29a932e6b32a38256abae832792fbd4') in 0.0205325 seconds
Number of updated asset objects reloaded before import = 0Number of asset objects unloaded after import = 11

========================================================================
Received Import Request.
  Time since last request: 0.000051 seconds.
  path: Assets/BrokenVector/LowPolyStoragePack/Prefabs/Box_01_Blue.prefab
  artifactKey: Guid(01d0598bc959e1744a433317fbb1b0c7) Importer(815301076,1909f56bfc062723c751e8b465ee728b)
Start importing Assets/BrokenVector/LowPolyStoragePack/Prefabs/Box_01_Blue.prefab using Guid(01d0598bc959e1744a433317fbb1b0c7) Importer(815301076,1909f56bfc062723c751e8b465ee728b) (PreviewImporter) -> (artifact id: '66090444a164f8ac2ee6a88d0937a611') in 0.010488792 seconds
Number of updated asset objects reloaded before import = 0Number of asset objects unloaded after import = 11

========================================================================
Received Import Request.
  Time since last request: 0.000074 seconds.
  path: Assets/BrokenVector/LowPolyStoragePack/Prefabs/Basket_02.prefab
  artifactKey: Guid(b2eebec45f249ba4e959a5e0cf96b1de) Importer(815301076,1909f56bfc062723c751e8b465ee728b)
Start importing Assets/BrokenVector/LowPolyStoragePack/Prefabs/Basket_02.prefab using Guid(b2eebec45f249ba4e959a5e0cf96b1de) Importer(815301076,1909f56bfc062723c751e8b465ee728b) (PreviewImporter) -> (artifact id: 'bc83b080a3f2516280c2576c3a83295e') in 0.016378958 seconds
Number of updated asset objects reloaded before import = 0Number of asset objects unloaded after import = 11

========================================================================
Received Import Request.
  Time since last request: 0.000058 seconds.
  path: Assets/BrokenVector/LowPolyStoragePack/Prefabs/Box_02_Blue.prefab
  artifactKey: Guid(bf8363b0ff810d34eb188506e160156d) Importer(815301076,1909f56bfc062723c751e8b465ee728b)
Start importing Assets/BrokenVector/LowPolyStoragePack/Prefabs/Box_02_Blue.prefab using Guid(bf8363b0ff810d34eb188506e160156d) Importer(815301076,1909f56bfc062723c751e8b465ee728b) (PreviewImporter) -> (artifact id: 'e331823a06d32138e82522e4ba8f30a8') in 0.010779084 seconds
Number of updated asset objects reloaded before import = 0Number of asset objects unloaded after import = 11

========================================================================
Received Import Request.
  Time since last request: 0.000066 seconds.
  path: Assets/BrokenVector/LowPolyStoragePack/Prefabs/Container_01_Green.prefab
  artifactKey: Guid(ed6ed70884be26a479dd8a819af56329) Importer(815301076,1909f56bfc062723c751e8b465ee728b)
Start importing Assets/BrokenVector/LowPolyStoragePack/Prefabs/Container_01_Green.prefab using Guid(ed6ed70884be26a479dd8a819af56329) Importer(815301076,1909f56bfc062723c751e8b465ee728b) (PreviewImporter) -> (artifact id: '041e764111c12329decc0e07e82caf30') in 0.010844667 seconds
Number of updated asset objects reloaded before import = 0Number of asset objects unloaded after import = 11

========================================================================
Received Import Request.
  Time since last request: 0.000047 seconds.
  path: Assets/BrokenVector/LowPolyStoragePack/Prefabs/Crate_01.prefab
  artifactKey: Guid(208ca54455d8ac34d8e8c32f367a245d) Importer(815301076,1909f56bfc062723c751e8b465ee728b)
Start importing Assets/BrokenVector/LowPolyStoragePack/Prefabs/Crate_01.prefab using Guid(208ca54455d8ac34d8e8c32f367a245d) Importer(815301076,1909f56bfc062723c751e8b465ee728b) (PreviewImporter) -> (artifact id: 'f8bdd04f40d032cb24d416a7a1d611c1') in 0.011203375 seconds
Number of updated asset objects reloaded before import = 0Number of asset objects unloaded after import = 11

========================================================================
Received Import Request.
  Time since last request: 0.000059 seconds.
  path: Assets/BrokenVector/LowPolyStoragePack/Prefabs/Barrel_04.prefab
  artifactKey: Guid(515fff63c7f669d4abf983437c38c0bb) Importer(815301076,1909f56bfc062723c751e8b465ee728b)
Start importing Assets/BrokenVector/LowPolyStoragePack/Prefabs/Barrel_04.prefab using Guid(515fff63c7f669d4abf983437c38c0bb) Importer(815301076,1909f56bfc062723c751e8b465ee728b) (PreviewImporter) -> (artifact id: '4e12ba28d71f909cb4f7a888ecbd8caf') in 0.017823209 seconds
Number of updated asset objects reloaded before import = 0Number of asset objects unloaded after import = 12

========================================================================
Received Import Request.
  Time since last request: 0.000041 seconds.
  path: Assets/BrokenVector/LowPolyStoragePack/Prefabs/Bag_01_Green.prefab
  artifactKey: Guid(1de3ed2b342c78d468188c47315371cb) Importer(815301076,1909f56bfc062723c751e8b465ee728b)
Start importing Assets/BrokenVector/LowPolyStoragePack/Prefabs/Bag_01_Green.prefab using Guid(1de3ed2b342c78d468188c47315371cb) Importer(815301076,1909f56bfc062723c751e8b465ee728b) (PreviewImporter) -> (artifact id: '60b84410bae97b34ba89623a1477c6da') in 0.010906042 seconds
Number of updated asset objects reloaded before import = 0Number of asset objects unloaded after import = 11

========================================================================
Received Import Request.
  Time since last request: 0.000049 seconds.
  path: Assets/BrokenVector/LowPolyStoragePack/Prefabs/Box_02_Red.prefab
  artifactKey: Guid(5dd25028b7dd39f46bf998a8c618ea6e) Importer(815301076,1909f56bfc062723c751e8b465ee728b)
Start importing Assets/BrokenVector/LowPolyStoragePack/Prefabs/Box_02_Red.prefab using Guid(5dd25028b7dd39f46bf998a8c618ea6e) Importer(815301076,1909f56bfc062723c751e8b465ee728b) (PreviewImporter) -> (artifact id: '704e3ccd6bf39a646556bca301eaa6ed') in 0.011541208 seconds
Number of updated asset objects reloaded before import = 0Number of asset objects unloaded after import = 11

========================================================================
Received Import Request.
  Time since last request: 0.000045 seconds.
  path: Assets/BrokenVector/LowPolyStoragePack/Prefabs/Box_01_Purple.prefab
  artifactKey: Guid(c63b9848197795b43805d085f853e976) Importer(815301076,1909f56bfc062723c751e8b465ee728b)
Start importing Assets/BrokenVector/LowPolyStoragePack/Prefabs/Box_01_Purple.prefab using Guid(c63b9848197795b43805d085f853e976) Importer(815301076,1909f56bfc062723c751e8b465ee728b) (PreviewImporter) -> (artifact id: '5b78dffa2669789202fece30e2935655') in 0.015200875 seconds
Number of updated asset objects reloaded before import = 0Number of asset objects unloaded after import = 11

========================================================================
Received Import Request.
  Time since last request: 0.000049 seconds.
  path: Assets/BrokenVector/LowPolyStoragePack/Prefabs/Container_02_Purple.prefab
  artifactKey: Guid(f7506201fa8dd234da8643bc58c1fad3) Importer(815301076,1909f56bfc062723c751e8b465ee728b)
Start importing Assets/BrokenVector/LowPolyStoragePack/Prefabs/Container_02_Purple.prefab using Guid(f7506201fa8dd234da8643bc58c1fad3) Importer(815301076,1909f56bfc062723c751e8b465ee728b) (PreviewImporter) -> (artifact id: '0fb7ef53a7eb803a47d5e141adac4b47') in 0.013552083 seconds
Number of updated asset objects reloaded before import = 0Number of asset objects unloaded after import = 11

========================================================================
Received Import Request.
  Time since last request: 0.000069 seconds.
  path: Assets/BrokenVector/LowPolyStoragePack/Prefabs/Bag_02_Red.prefab
  artifactKey: Guid(7997690bee8c7cd45a58d92cc3ea5dff) Importer(815301076,1909f56bfc062723c751e8b465ee728b)
Start importing Assets/BrokenVector/LowPolyStoragePack/Prefabs/Bag_02_Red.prefab using Guid(7997690bee8c7cd45a58d92cc3ea5dff) Importer(815301076,1909f56bfc062723c751e8b465ee728b) (PreviewImporter) -> (artifact id: '76bcdd753dc5f6116da2c43ca6470a8b') in 0.015265167 seconds
Number of updated asset objects reloaded before import = 0Number of asset objects unloaded after import = 11

========================================================================
Received Import Request.
  Time since last request: 1.266996 seconds.
  path: Assets/BrokenVector/LowPolyStoragePack/Prefabs/EUR-Pallet.prefab
  artifactKey: Guid(be11ab6aad4338d4d8ad965540935796) Importer(815301076,1909f56bfc062723c751e8b465ee728b)
Start importing Assets/BrokenVector/LowPolyStoragePack/Prefabs/EUR-Pallet.prefab using Guid(be11ab6aad4338d4d8ad965540935796) Importer(815301076,1909f56bfc062723c751e8b465ee728b) (PreviewImporter) -> (artifact id: '99b2fea1cc0084917e7cfc23fd3a46f1') in 0.011739458 seconds
Number of updated asset objects reloaded before import = 0Number of asset objects unloaded after import = 11

========================================================================
Received Import Request.
  Time since last request: 0.000058 seconds.
  path: Assets/BrokenVector/LowPolyStoragePack/Prefabs/Garbage_Can_Purple.prefab
  artifactKey: Guid(f502427f83e10e247a87212504fcc298) Importer(815301076,1909f56bfc062723c751e8b465ee728b)
Start importing Assets/BrokenVector/LowPolyStoragePack/Prefabs/Garbage_Can_Purple.prefab using Guid(f502427f83e10e247a87212504fcc298) Importer(815301076,1909f56bfc062723c751e8b465ee728b) (PreviewImporter) -> (artifact id: 'e833e253dfbf0a7fd746bfa427954d98') in 0.013645958 seconds
Number of updated asset objects reloaded before import = 0Number of asset objects unloaded after import = 11

========================================================================
Received Import Request.
  Time since last request: 0.000047 seconds.
  path: Assets/BrokenVector/LowPolyStoragePack/Prefabs/Giftbox_01_Blue.prefab
  artifactKey: Guid(7d7bf6c92ae13cd478d73a6c6bc5fb4e) Importer(815301076,1909f56bfc062723c751e8b465ee728b)
Start importing Assets/BrokenVector/LowPolyStoragePack/Prefabs/Giftbox_01_Blue.prefab using Guid(7d7bf6c92ae13cd478d73a6c6bc5fb4e) Importer(815301076,1909f56bfc062723c751e8b465ee728b) (PreviewImporter) -> (artifact id: '4ad0ea2b534ff81641e06fc8671ee930') in 0.014550625 seconds
Number of updated asset objects reloaded before import = 0Number of asset objects unloaded after import = 11

========================================================================
Received Import Request.
  Time since last request: 0.000098 seconds.
  path: Assets/BrokenVector/LowPolyStoragePack/Prefabs/Giftbox_01_Purple.prefab
  artifactKey: Guid(429ebdcdf0ae3ce4c9f3279a683e72ed) Importer(815301076,1909f56bfc062723c751e8b465ee728b)
Start importing Assets/BrokenVector/LowPolyStoragePack/Prefabs/Giftbox_01_Purple.prefab using Guid(429ebdcdf0ae3ce4c9f3279a683e72ed) Importer(815301076,1909f56bfc062723c751e8b465ee728b) (PreviewImporter) -> (artifact id: 'df36dfca68ae9652f2d3a61af676a8d7') in 0.013858583 seconds
Number of updated asset objects reloaded before import = 0Number of asset objects unloaded after import = 11

========================================================================
Received Import Request.
  Time since last request: 0.000087 seconds.
  path: Assets/BrokenVector/LowPolyStoragePack/Prefabs/Giftbox_01_Yellow.prefab
  artifactKey: Guid(41f004686382a67468525c4a27865c20) Importer(815301076,1909f56bfc062723c751e8b465ee728b)
Start importing Assets/BrokenVector/LowPolyStoragePack/Prefabs/Giftbox_01_Yellow.prefab using Guid(41f004686382a67468525c4a27865c20) Importer(815301076,1909f56bfc062723c751e8b465ee728b) (PreviewImporter) -> (artifact id: '0ac5e997b553264b975d07b5f85108da') in 0.013969791 seconds
Number of updated asset objects reloaded before import = 0Number of asset objects unloaded after import = 11

========================================================================
Received Import Request.
  Time since last request: 0.000078 seconds.
  path: Assets/BrokenVector/LowPolyStoragePack/Prefabs/Garbage_Can_Green.prefab
  artifactKey: Guid(cddf3d66c16cf1c4eb4d9646cc4d763f) Importer(815301076,1909f56bfc062723c751e8b465ee728b)
Start importing Assets/BrokenVector/LowPolyStoragePack/Prefabs/Garbage_Can_Green.prefab using Guid(cddf3d66c16cf1c4eb4d9646cc4d763f) Importer(815301076,1909f56bfc062723c751e8b465ee728b) (PreviewImporter) -> (artifact id: '41623f46fd82f3836230516863dbcc74') in 0.011340375 seconds
Number of updated asset objects reloaded before import = 0Number of asset objects unloaded after import = 11

========================================================================
Received Import Request.
  Time since last request: 0.413011 seconds.
  path: Assets/BrokenVector/LowPolyStoragePack/Prefabs/Giftbox_02_Green.prefab
  artifactKey: Guid(f132b7480e2d1db40a65bbae13a582fc) Importer(815301076,1909f56bfc062723c751e8b465ee728b)
Start importing Assets/BrokenVector/LowPolyStoragePack/Prefabs/Giftbox_02_Green.prefab using Guid(f132b7480e2d1db40a65bbae13a582fc) Importer(815301076,1909f56bfc062723c751e8b465ee728b) (PreviewImporter) -> (artifact id: 'dfeb140005147053770d082922d2e869') in 0.012583291 seconds
Number of updated asset objects reloaded before import = 0Number of asset objects unloaded after import = 11

========================================================================
Received Import Request.
  Time since last request: 0.000052 seconds.
  path: Assets/BrokenVector/LowPolyStoragePack/Prefabs/Giftbox_03_Green.prefab
  artifactKey: Guid(548e7859459572b49b76cdb658d13bf9) Importer(815301076,1909f56bfc062723c751e8b465ee728b)
Start importing Assets/BrokenVector/LowPolyStoragePack/Prefabs/Giftbox_03_Green.prefab using Guid(548e7859459572b49b76cdb658d13bf9) Importer(815301076,1909f56bfc062723c751e8b465ee728b) (PreviewImporter) -> (artifact id: 'edd6120d0716bd68109ab9398822b0da') in 0.01404375 seconds
Number of updated asset objects reloaded before import = 0Number of asset objects unloaded after import = 11

========================================================================
Received Import Request.
  Time since last request: 0.000107 seconds.
  path: Assets/BrokenVector/LowPolyStoragePack/Prefabs/Giftbox_02_Purple.prefab
  artifactKey: Guid(6f254a04acf0892448fb03144a1b5cc8) Importer(815301076,1909f56bfc062723c751e8b465ee728b)
Start importing Assets/BrokenVector/LowPolyStoragePack/Prefabs/Giftbox_02_Purple.prefab using Guid(6f254a04acf0892448fb03144a1b5cc8) Importer(815301076,1909f56bfc062723c751e8b465ee728b) (PreviewImporter) -> (artifact id: 'e9f0c82e52bef09729beb228509c08f1') in 0.015490166 seconds
Number of updated asset objects reloaded before import = 0Number of asset objects unloaded after import = 11

========================================================================
Received Import Request.
  Time since last request: 0.000061 seconds.
  path: Assets/BrokenVector/LowPolyStoragePack/Prefabs/Giftbox_03_Yellow.prefab
  artifactKey: Guid(a950da56b2e37e74a881eb9cd2ce72cb) Importer(815301076,1909f56bfc062723c751e8b465ee728b)
Start importing Assets/BrokenVector/LowPolyStoragePack/Prefabs/Giftbox_03_Yellow.prefab using Guid(a950da56b2e37e74a881eb9cd2ce72cb) Importer(815301076,1909f56bfc062723c751e8b465ee728b) (PreviewImporter) -> (artifact id: '8b7a3eab2153a82374888e1a2239c558') in 0.010857791 seconds
Number of updated asset objects reloaded before import = 0Number of asset objects unloaded after import = 11

========================================================================
Received Import Request.
  Time since last request: 0.000045 seconds.
  path: Assets/BrokenVector/LowPolyStoragePack/Prefabs/Giftbox_03_Purple.prefab
  artifactKey: Guid(392154adf107eaf47b51a9416a75bcee) Importer(815301076,1909f56bfc062723c751e8b465ee728b)
Start importing Assets/BrokenVector/LowPolyStoragePack/Prefabs/Giftbox_03_Purple.prefab using Guid(392154adf107eaf47b51a9416a75bcee) Importer(815301076,1909f56bfc062723c751e8b465ee728b) (PreviewImporter) -> (artifact id: '9e5843fd8383a129e77989fdeebe9af8') in 0.011036167 seconds
Number of updated asset objects reloaded before import = 0Number of asset objects unloaded after import = 11

========================================================================
Received Import Request.
  Time since last request: 0.000058 seconds.
  path: Assets/BrokenVector/LowPolyStoragePack/Prefabs/Locker.prefab
  artifactKey: Guid(5ac3edd53f963024ebc36254c7e55dee) Importer(815301076,1909f56bfc062723c751e8b465ee728b)
Start importing Assets/BrokenVector/LowPolyStoragePack/Prefabs/Locker.prefab using Guid(5ac3edd53f963024ebc36254c7e55dee) Importer(815301076,1909f56bfc062723c751e8b465ee728b) (PreviewImporter) -> (artifact id: 'fbafadbe3b709965afbf715e0b610489') in 0.011434917 seconds
Number of updated asset objects reloaded before import = 0Number of asset objects unloaded after import = 11

========================================================================
Received Import Request.
  Time since last request: 0.028782 seconds.
  path: Assets/BrokenVector/LowPolyStoragePack/Prefabs/Suitcase_01_Blue.prefab
  artifactKey: Guid(049a31b928db0684c80f2fa76838f5f7) Importer(815301076,1909f56bfc062723c751e8b465ee728b)
Start importing Assets/BrokenVector/LowPolyStoragePack/Prefabs/Suitcase_01_Blue.prefab using Guid(049a31b928db0684c80f2fa76838f5f7) Importer(815301076,1909f56bfc062723c751e8b465ee728b) (PreviewImporter) -> (artifact id: '2680e12fc04194820d59db2e194b0746') in 0.010684042 seconds
Number of updated asset objects reloaded before import = 0Number of asset objects unloaded after import = 11

========================================================================
Received Import Request.
  Time since last request: 0.000042 seconds.
  path: Assets/BrokenVector/LowPolyStoragePack/Prefabs/Suitcase_02_Purple.prefab
  artifactKey: Guid(22362e7eebd4876428d832d6aa3e4ecc) Importer(815301076,1909f56bfc062723c751e8b465ee728b)
Start importing Assets/BrokenVector/LowPolyStoragePack/Prefabs/Suitcase_02_Purple.prefab using Guid(22362e7eebd4876428d832d6aa3e4ecc) Importer(815301076,1909f56bfc062723c751e8b465ee728b) (PreviewImporter) -> (artifact id: '462f7b33baa8437751776ea9122f7ef6') in 0.019758125 seconds
Number of updated asset objects reloaded before import = 0Number of asset objects unloaded after import = 11

========================================================================
Received Import Request.
  Time since last request: 0.000060 seconds.
  path: Assets/BrokenVector/LowPolyStoragePack/Prefabs/Trashcan_01.prefab
  artifactKey: Guid(1d9a68b5f87cd504692964e0e0184301) Importer(815301076,1909f56bfc062723c751e8b465ee728b)
Start importing Assets/BrokenVector/LowPolyStoragePack/Prefabs/Trashcan_01.prefab using Guid(1d9a68b5f87cd504692964e0e0184301) Importer(815301076,1909f56bfc062723c751e8b465ee728b) (PreviewImporter) -> (artifact id: 'd51c12018848142f8fe6e0739ceac890') in 0.035443708 seconds
Number of updated asset objects reloaded before import = 0Number of asset objects unloaded after import = 11

========================================================================
Received Import Request.
  Time since last request: 0.000066 seconds.
  path: Assets/BrokenVector/LowPolyStoragePack/Prefabs/Suitcase_02_Yellow.prefab
  artifactKey: Guid(2d1c8780b5053c94e8e1b008b8dc2b50) Importer(815301076,1909f56bfc062723c751e8b465ee728b)
Start importing Assets/BrokenVector/LowPolyStoragePack/Prefabs/Suitcase_02_Yellow.prefab using Guid(2d1c8780b5053c94e8e1b008b8dc2b50) Importer(815301076,1909f56bfc062723c751e8b465ee728b) (PreviewImporter) -> (artifact id: '91816a71f49a2aaf02793ab310263f4a') in 0.035152041 seconds
Number of updated asset objects reloaded before import = 0Number of asset objects unloaded after import = 11

========================================================================
Received Import Request.
  Time since last request: 0.000091 seconds.
  path: Assets/BrokenVector/LowPolyStoragePack/Prefabs/Suitcase_02_Blue.prefab
  artifactKey: Guid(42f519ff7e5f3d54e94c9d02963441cb) Importer(815301076,1909f56bfc062723c751e8b465ee728b)
Start importing Assets/BrokenVector/LowPolyStoragePack/Prefabs/Suitcase_02_Blue.prefab using Guid(42f519ff7e5f3d54e94c9d02963441cb) Importer(815301076,1909f56bfc062723c751e8b465ee728b) (PreviewImporter) -> (artifact id: '8a094f26c607c0f3803aa8a60a0fa614') in 0.013416041 seconds
Number of updated asset objects reloaded before import = 0Number of asset objects unloaded after import = 11

========================================================================
Received Import Request.
  Time since last request: 0.000047 seconds.
  path: Assets/BrokenVector/LowPolyStoragePack/Prefabs/Suitcase_01_Purple.prefab
  artifactKey: Guid(19f4c7cc361201e4586f726d42b19251) Importer(815301076,1909f56bfc062723c751e8b465ee728b)
Start importing Assets/BrokenVector/LowPolyStoragePack/Prefabs/Suitcase_01_Purple.prefab using Guid(19f4c7cc361201e4586f726d42b19251) Importer(815301076,1909f56bfc062723c751e8b465ee728b) (PreviewImporter) -> (artifact id: 'c940309c881c50c82f19be1a9afc1f9c') in 0.010879875 seconds
Number of updated asset objects reloaded before import = 0Number of asset objects unloaded after import = 11

========================================================================
Received Import Request.
  Time since last request: 0.417564 seconds.
  path: Assets/BrokenVector/LowPolyStoragePack/Prefabs/Treasure_Chest.prefab
  artifactKey: Guid(7508a35910e500841aa2d8ae33c44512) Importer(815301076,1909f56bfc062723c751e8b465ee728b)
Start importing Assets/BrokenVector/LowPolyStoragePack/Prefabs/Treasure_Chest.prefab using Guid(7508a35910e500841aa2d8ae33c44512) Importer(815301076,1909f56bfc062723c751e8b465ee728b) (PreviewImporter) -> (artifact id: '3806b6d8dc20ab71bf1c16ffadd9b920') in 0.01130325 seconds
Number of updated asset objects reloaded before import = 0Number of asset objects unloaded after import = 11

========================================================================
Received Import Request.
  Time since last request: 150.236949 seconds.
  path: Assets/StorageRoom/LowPolyStoragePack/Materials/Storage_Unlit_Red.mat
  artifactKey: Guid(c361b9c61d93b424c972e2699e35553d) Importer(815301076,1909f56bfc062723c751e8b465ee728b)
Start importing Assets/StorageRoom/LowPolyStoragePack/Materials/Storage_Unlit_Red.mat using Guid(c361b9c61d93b424c972e2699e35553d) Importer(815301076,1909f56bfc062723c751e8b465ee728b) (PreviewImporter) -> (artifact id: '3d0a0690593e4c2b194ee9cdd2a31ff5') in 0.29726425 seconds
Number of updated asset objects reloaded before import = 0Number of asset objects unloaded after import = 3

========================================================================
Received Import Request.
  Time since last request: 0.000096 seconds.
  path: Assets/StorageRoom/LowPolyStoragePack/Materials/Storage_Unlit_Yellow.mat
  artifactKey: Guid(ba0a51ddd31b75443b518751ff4cb263) Importer(815301076,1909f56bfc062723c751e8b465ee728b)
Start importing Assets/StorageRoom/LowPolyStoragePack/Materials/Storage_Unlit_Yellow.mat using Guid(ba0a51ddd31b75443b518751ff4cb263) Importer(815301076,1909f56bfc062723c751e8b465ee728b) (PreviewImporter) -> (artifact id: '707a972ebb2ba1e4aafc01232e7bdc22') in 0.020945125 seconds
Number of updated asset objects reloaded before import = 0Number of asset objects unloaded after import = 3

========================================================================
Received Import Request.
  Time since last request: 2.074270 seconds.
  path: Assets/StorageRoom/LowPolyStoragePack/Materials/Storage_Unlit_Green.mat
  artifactKey: Guid(2c2fa0db6f0ab4e49a518ffedd66cc22) Importer(815301076,1909f56bfc062723c751e8b465ee728b)
Start importing Assets/StorageRoom/LowPolyStoragePack/Materials/Storage_Unlit_Green.mat using Guid(2c2fa0db6f0ab4e49a518ffedd66cc22) Importer(815301076,1909f56bfc062723c751e8b465ee728b) (PreviewImporter) -> (artifact id: 'ea3a6daafa172b24536e79f552f5962b') in 0.010767792 seconds
Number of updated asset objects reloaded before import = 0Number of asset objects unloaded after import = 3

========================================================================
Received Import Request.
  Time since last request: 0.022295 seconds.
  path: Assets/StorageRoom/LowPolyStoragePack/Materials/Storage_Metal_Yellow.mat
  artifactKey: Guid(42b72ec56c0ab8047879964b928f6fe9) Importer(815301076,1909f56bfc062723c751e8b465ee728b)
Start importing Assets/StorageRoom/LowPolyStoragePack/Materials/Storage_Metal_Yellow.mat using Guid(42b72ec56c0ab8047879964b928f6fe9) Importer(815301076,1909f56bfc062723c751e8b465ee728b) (PreviewImporter) -> (artifact id: 'ec59b268453e00b60012b38c8ce9251a') in 0.026599084 seconds
Number of updated asset objects reloaded before import = 0Number of asset objects unloaded after import = 3

========================================================================
Received Import Request.
  Time since last request: 0.000053 seconds.
  path: Assets/StorageRoom/LowPolyStoragePack/Materials/Storage_Metal_Green.mat
  artifactKey: Guid(5aca6693610276c4190f5740d1183bcc) Importer(815301076,1909f56bfc062723c751e8b465ee728b)
Start importing Assets/StorageRoom/LowPolyStoragePack/Materials/Storage_Metal_Green.mat using Guid(5aca6693610276c4190f5740d1183bcc) Importer(815301076,1909f56bfc062723c751e8b465ee728b) (PreviewImporter) -> (artifact id: '2dd077962436585af908c01d27accc57') in 0.012355583 seconds
Number of updated asset objects reloaded before import = 0Number of asset objects unloaded after import = 3

========================================================================
Received Import Request.
  Time since last request: 0.665959 seconds.
  path: Assets/StorageRoom/LowPolyStoragePack/Materials/Storage_Metal_Blue.mat
  artifactKey: Guid(2baa316d3d6d44d44b49de38958c3fcc) Importer(815301076,1909f56bfc062723c751e8b465ee728b)
Start importing Assets/StorageRoom/LowPolyStoragePack/Materials/Storage_Metal_Blue.mat using Guid(2baa316d3d6d44d44b49de38958c3fcc) Importer(815301076,1909f56bfc062723c751e8b465ee728b) (PreviewImporter) -> (artifact id: '3165f030ff03eee57069c5a5aff6163c') in 0.011394958 seconds
Number of updated asset objects reloaded before import = 0Number of asset objects unloaded after import = 3

========================================================================
Received Import Request.
  Time since last request: 1.065540 seconds.
  path: Assets/StorageRoom/LowPolyStoragePack/Materials/Storage_Diffuse_Red.mat
  artifactKey: Guid(c7d4d55229668c54c9ce656beb9a14a1) Importer(815301076,1909f56bfc062723c751e8b465ee728b)
Start importing Assets/StorageRoom/LowPolyStoragePack/Materials/Storage_Diffuse_Red.mat using Guid(c7d4d55229668c54c9ce656beb9a14a1) Importer(815301076,1909f56bfc062723c751e8b465ee728b) (PreviewImporter) -> (artifact id: 'ce19030263db35a3039c0738284d3e73') in 0.01133075 seconds
Number of updated asset objects reloaded before import = 0Number of asset objects unloaded after import = 3

========================================================================
Received Import Request.
  Time since last request: 0.065166 seconds.
  path: Assets/StorageRoom/LowPolyStoragePack/Materials/Storage_Diffuse_Green.mat
  artifactKey: Guid(72b60f1b3e5a4b94f88154af53968158) Importer(815301076,1909f56bfc062723c751e8b465ee728b)
Start importing Assets/StorageRoom/LowPolyStoragePack/Materials/Storage_Diffuse_Green.mat using Guid(72b60f1b3e5a4b94f88154af53968158) Importer(815301076,1909f56bfc062723c751e8b465ee728b) (PreviewImporter) -> (artifact id: '53b65ea0992f64a52b349b25c5bcbd5c') in 0.014013125 seconds
Number of updated asset objects reloaded before import = 0Number of asset objects unloaded after import = 3

========================================================================
Received Import Request.
  Time since last request: 1486.365010 seconds.
  path: Assets/StorageRoom/LowPolyStoragePack/Palettes/Palette_Green.png
  artifactKey: Guid(a36f7aa6d9d45e14c8a942398aa6f468) Importer(815301076,1909f56bfc062723c751e8b465ee728b)
Start importing Assets/StorageRoom/LowPolyStoragePack/Palettes/Palette_Green.png using Guid(a36f7aa6d9d45e14c8a942398aa6f468) Importer(815301076,1909f56bfc062723c751e8b465ee728b) (PreviewImporter) -> (artifact id: '452100acbac94be4ca4892c5fcfbbd20') in 0.135875208 seconds
Number of updated asset objects reloaded before import = 0Number of asset objects unloaded after import = 2

========================================================================
Received Import Request.
  Time since last request: 0.000188 seconds.
  path: Assets/StorageRoom/LowPolyStoragePack/Palettes/Palette_Yellow.png
  artifactKey: Guid(5a69156d521450d41b42825fbceaa971) Importer(815301076,1909f56bfc062723c751e8b465ee728b)
Start importing Assets/StorageRoom/LowPolyStoragePack/Palettes/Palette_Yellow.png using Guid(5a69156d521450d41b42825fbceaa971) Importer(815301076,1909f56bfc062723c751e8b465ee728b) (PreviewImporter) -> (artifact id: '86c43b7923d39ebfef1cbda6ae9db896') in 0.006676875 seconds
Number of updated asset objects reloaded before import = 0Number of asset objects unloaded after import = 2

========================================================================
Received Import Request.
  Time since last request: 0.000107 seconds.
  path: Assets/StorageRoom/LowPolyStoragePack/Palettes/Palette_Purple.png
  artifactKey: Guid(2f31cca53255f564c986254821a8dd17) Importer(815301076,1909f56bfc062723c751e8b465ee728b)
Start importing Assets/StorageRoom/LowPolyStoragePack/Palettes/Palette_Purple.png using Guid(2f31cca53255f564c986254821a8dd17) Importer(815301076,1909f56bfc062723c751e8b465ee728b) (PreviewImporter) -> (artifact id: '647c7b0b54a4ffc63efbc0906dcbaac9') in 0.008359958 seconds
Number of updated asset objects reloaded before import = 0Number of asset objects unloaded after import = 2

========================================================================
Received Import Request.
  Time since last request: 1074.025902 seconds.
  path: Assets/Materials/New Material.mat
  artifactKey: Guid(5ea7b30e881f543638e86bf26f2bf9d0) Importer(815301076,1909f56bfc062723c751e8b465ee728b)
Start importing Assets/Materials/New Material.mat using Guid(5ea7b30e881f543638e86bf26f2bf9d0) Importer(815301076,1909f56bfc062723c751e8b465ee728b) (PreviewImporter) -> (artifact id: 'd0add6af120be9522ceb35733b9eb80c') in 0.514038666 seconds
Number of updated asset objects reloaded before import = 0Number of asset objects unloaded after import = 1

========================================================================
Received Import Request.
  Time since last request: 286.401672 seconds.
  path: Assets/StorageRoom/LowPolyStoragePack/Models/AmpRack_02.dae
  artifactKey: Guid(d31353d1f3002254bb9c6dccb795b548) Importer(815301076,1909f56bfc062723c751e8b465ee728b)
Start importing Assets/StorageRoom/LowPolyStoragePack/Models/AmpRack_02.dae using Guid(d31353d1f3002254bb9c6dccb795b548) Importer(815301076,1909f56bfc062723c751e8b465ee728b) (PreviewImporter) -> (artifact id: 'e958efc59abac91b82727cfb6761de02') in 0.381157875 seconds
Number of updated asset objects reloaded before import = 0Number of asset objects unloaded after import = 8

========================================================================
Received Import Request.
  Time since last request: 0.000119 seconds.
  path: Assets/StorageRoom/LowPolyStoragePack/Models/Barrel_01.dae
  artifactKey: Guid(4570ffb3502664541b65ea4a55f1d760) Importer(815301076,1909f56bfc062723c751e8b465ee728b)
Start importing Assets/StorageRoom/LowPolyStoragePack/Models/Barrel_01.dae using Guid(4570ffb3502664541b65ea4a55f1d760) Importer(815301076,1909f56bfc062723c751e8b465ee728b) (PreviewImporter) -> (artifact id: '6b90bcb6517fe93778596f1f9b383eae') in 0.013362792 seconds
Number of updated asset objects reloaded before import = 0Number of asset objects unloaded after import = 8

========================================================================
Received Import Request.
  Time since last request: 0.000143 seconds.
  path: Assets/StorageRoom/LowPolyStoragePack/Models/Container_01.dae
  artifactKey: Guid(69aae84d594b6f24995327e55246f937) Importer(815301076,1909f56bfc062723c751e8b465ee728b)
Start importing Assets/StorageRoom/LowPolyStoragePack/Models/Container_01.dae using Guid(69aae84d594b6f24995327e55246f937) Importer(815301076,1909f56bfc062723c751e8b465ee728b) (PreviewImporter) -> (artifact id: 'e58228c7dbaefd30ecb48f1f460bd6e3') in 0.009779083 seconds
Number of updated asset objects reloaded before import = 0Number of asset objects unloaded after import = 8

========================================================================
Received Import Request.
  Time since last request: 0.000166 seconds.
  path: Assets/StorageRoom/LowPolyStoragePack/Models/Box_02.dae
  artifactKey: Guid(7fe7437dc8388e2409a2bdce2c2d1c3c) Importer(815301076,1909f56bfc062723c751e8b465ee728b)
Start importing Assets/StorageRoom/LowPolyStoragePack/Models/Box_02.dae using Guid(7fe7437dc8388e2409a2bdce2c2d1c3c) Importer(815301076,1909f56bfc062723c751e8b465ee728b) (PreviewImporter) -> (artifact id: 'a6c22b41658cf7d88f434a147aa3618a') in 0.010193834 seconds
Number of updated asset objects reloaded before import = 0Number of asset objects unloaded after import = 8

========================================================================
Received Import Request.
  Time since last request: 0.000260 seconds.
  path: Assets/StorageRoom/LowPolyStoragePack/Models/Locker.dae
  artifactKey: Guid(2d260eb281c666c428d94133569434d4) Importer(815301076,1909f56bfc062723c751e8b465ee728b)
Start importing Assets/StorageRoom/LowPolyStoragePack/Models/Locker.dae using Guid(2d260eb281c666c428d94133569434d4) Importer(815301076,1909f56bfc062723c751e8b465ee728b) (PreviewImporter) -> (artifact id: '6a1dea71766dd6836dc95e55505f5166') in 0.009222083 seconds
Number of updated asset objects reloaded before import = 0Number of asset objects unloaded after import = 8

========================================================================
Received Import Request.
  Time since last request: 0.000123 seconds.
  path: Assets/StorageRoom/LowPolyStoragePack/Models/GarbageCan.dae
  artifactKey: Guid(f4169bae00484c948a2b9d782b10b298) Importer(815301076,1909f56bfc062723c751e8b465ee728b)
Start importing Assets/StorageRoom/LowPolyStoragePack/Models/GarbageCan.dae using Guid(f4169bae00484c948a2b9d782b10b298) Importer(815301076,1909f56bfc062723c751e8b465ee728b) (PreviewImporter) -> (artifact id: 'c451ca26e30f819c4035b7b68bbf6a94') in 0.01135125 seconds
Number of updated asset objects reloaded before import = 0Number of asset objects unloaded after import = 8

========================================================================
Received Import Request.
  Time since last request: 0.000201 seconds.
  path: Assets/StorageRoom/LowPolyStoragePack/Models/Cabinet_02.dae
  artifactKey: Guid(a9cbe19c5ceb4e34e89fe52e9d4d8918) Importer(815301076,1909f56bfc062723c751e8b465ee728b)
Start importing Assets/StorageRoom/LowPolyStoragePack/Models/Cabinet_02.dae using Guid(a9cbe19c5ceb4e34e89fe52e9d4d8918) Importer(815301076,1909f56bfc062723c751e8b465ee728b) (PreviewImporter) -> (artifact id: '4eedb6e4313a44ce908d867356bc0012') in 0.015732458 seconds
Number of updated asset objects reloaded before import = 0Number of asset objects unloaded after import = 8

========================================================================
Received Import Request.
  Time since last request: 0.000127 seconds.
  path: Assets/StorageRoom/LowPolyStoragePack/Models/Suitcase_01.dae
  artifactKey: Guid(0ea575825eb921d459f33d8288f64917) Importer(815301076,1909f56bfc062723c751e8b465ee728b)
Start importing Assets/StorageRoom/LowPolyStoragePack/Models/Suitcase_01.dae using Guid(0ea575825eb921d459f33d8288f64917) Importer(815301076,1909f56bfc062723c751e8b465ee728b) (PreviewImporter) -> (artifact id: '17d126e219a4e49ae22079e47e8d5564') in 0.01000525 seconds
Number of updated asset objects reloaded before import = 0Number of asset objects unloaded after import = 8

========================================================================
Received Import Request.
  Time since last request: 0.000119 seconds.
  path: Assets/StorageRoom/LowPolyStoragePack/Models/ElectricBox_01.dae
  artifactKey: Guid(183ba50f754853448ac7cdd8ed8d0597) Importer(815301076,1909f56bfc062723c751e8b465ee728b)
Start importing Assets/StorageRoom/LowPolyStoragePack/Models/ElectricBox_01.dae using Guid(183ba50f754853448ac7cdd8ed8d0597) Importer(815301076,1909f56bfc062723c751e8b465ee728b) (PreviewImporter) -> (artifact id: '6403a418e8345d33902c464aea74f706') in 0.00886575 seconds
Number of updated asset objects reloaded before import = 0Number of asset objects unloaded after import = 8

========================================================================
Received Import Request.
  Time since last request: 0.000109 seconds.
  path: Assets/StorageRoom/LowPolyStoragePack/Models/Trashcan_02.dae
  artifactKey: Guid(89c2d85839a02134e8c7081446ea0944) Importer(815301076,1909f56bfc062723c751e8b465ee728b)
Start importing Assets/StorageRoom/LowPolyStoragePack/Models/Trashcan_02.dae using Guid(89c2d85839a02134e8c7081446ea0944) Importer(815301076,1909f56bfc062723c751e8b465ee728b) (PreviewImporter) -> (artifact id: '74d65667d0c773cbaccc3860067f3ace') in 0.018960709 seconds
Number of updated asset objects reloaded before import = 0Number of asset objects unloaded after import = 8

