Unity Editor version:    6000.0.33f1 (433b0a79340b)
Branch:                  6000.0/staging
Build type:              Release
Batch mode:              YES
macOS version:           Version 15.1.1 (Build 24B91)
Darwin version:          24.1.0
Architecture:            arm64
Running under Rosetta:   NO
Available memory:        16384 MB
Using pre-set license
Pro License: YES

COMMAND LINE ARGUMENTS:
/Applications/Unity/Hub/Editor/6000.0.33f1/Unity.app/Contents/MacOS/Unity
-adb2
-batchMode
-noUpm
-name
AssetImportWorker0
-projectPath
/Users/jakefogel/Code Projects/GameJam2025/McGameJam2025/McGameJam 2025
-logFile
Logs/AssetImportWorker0.log
-srvPort
55910
-job-worker-count
3
-background-job-worker-count
8
-gc-helper-count
1
Successfully changed project path to: /Users/jakefogel/Code Projects/GameJam2025/McGameJam2025/McGameJam 2025
/Users/jakefogel/Code Projects/GameJam2025/McGameJam2025/McGameJam 2025
[UnityMemory] Configuration Parameters - Can be set up in boot.config
    "memorysetup-bucket-allocator-granularity=16"
    "memorysetup-bucket-allocator-bucket-count=8"
    "memorysetup-bucket-allocator-block-size=33554432"
    "memorysetup-bucket-allocator-block-count=8"
    "memorysetup-main-allocator-block-size=16777216"
    "memorysetup-thread-allocator-block-size=16777216"
    "memorysetup-gfx-main-allocator-block-size=16777216"
    "memorysetup-gfx-thread-allocator-block-size=16777216"
    "memorysetup-cache-allocator-block-size=4194304"
    "memorysetup-typetree-allocator-block-size=2097152"
    "memorysetup-profiler-bucket-allocator-granularity=16"
    "memorysetup-profiler-bucket-allocator-bucket-count=8"
    "memorysetup-profiler-bucket-allocator-block-size=33554432"
    "memorysetup-profiler-bucket-allocator-block-count=8"
    "memorysetup-profiler-allocator-block-size=16777216"
    "memorysetup-profiler-editor-allocator-block-size=1048576"
    "memorysetup-temp-allocator-size-main=16777216"
    "memorysetup-job-temp-allocator-block-size=2097152"
    "memorysetup-job-temp-allocator-block-size-background=1048576"
    "memorysetup-job-temp-allocator-reduction-small-platforms=262144"
    "memorysetup-allocator-temp-initial-block-size-main=262144"
    "memorysetup-allocator-temp-initial-block-size-worker=262144"
    "memorysetup-temp-allocator-size-background-worker=32768"
    "memorysetup-temp-allocator-size-job-worker=262144"
    "memorysetup-temp-allocator-size-preload-manager=33554432"
    "memorysetup-temp-allocator-size-nav-mesh-worker=65536"
    "memorysetup-temp-allocator-size-audio-worker=65536"
    "memorysetup-temp-allocator-size-cloud-worker=32768"
    "memorysetup-temp-allocator-size-gi-baking-worker=262144"
    "memorysetup-temp-allocator-size-gi-baking-worker=262144"
    "memorysetup-temp-allocator-size-gi-baking-worker=262144"
    "memorysetup-temp-allocator-size-gi-baking-worker=262144"
    "memorysetup-temp-allocator-size-gi-baking-worker=262144"
    "memorysetup-temp-allocator-size-gfx=262144"
Player connection [8334342208]  Target information:

Player connection [8334342208]  * "[IP] 10.122.151.26 [Port] 0 [Flags] 2 [Guid] 3575276982 [EditorId] 3575276982 [Version] 1048832 [Id] OSXEditor(0,Jakes-MacBook-Pro.local) [Debug] 1 [PackageName] OSXEditor [ProjectName] Editor" 

Player connection [8334342208] Host joined multi-casting on [225.0.0.222:54997]...
Player connection [8334342208] Host joined alternative multi-casting on [225.0.0.222:34997]...
JobSystem: Creating JobQueue using job-worker-count value 3
[Physics::Module] Initialized fallback backend.
[Physics::Module] Id: 0xdecafbad
Library Redirect Path: Library/
[Physics::Module] Selected backend.
[Physics::Module] Name: PhysX
[Physics::Module] Id: 0xf2b8ea05
[Physics::Module] SDK Version: 4.1.2
[Physics::Module] Integration Version: 1.0.0
[Physics::Module] Threading Mode: Multi-Threaded
Refreshing native plugins compatible for Editor in 5.93 ms, found 2 plugins.
Preloading 0 native plugins for Editor in 0.00 ms.
Initialize engine version: 6000.0.33f1 (433b0a79340b)
[Subsystems] Discovering subsystems at path /Applications/Unity/Hub/Editor/6000.0.33f1/Unity.app/Contents/Resources/UnitySubsystems
[Subsystems] Discovering subsystems at path /Users/jakefogel/Code Projects/GameJam2025/McGameJam2025/McGameJam 2025/Assets
GfxDevice: creating device client; kGfxThreadingModeNonThreaded
 preferred device: Apple M1 Pro (high power)
Metal devices available: 1
0: Apple M1 Pro (high power)
Using device Apple M1 Pro (high power)
Initializing Metal device caps: Apple M1 Pro
Initialize mono
Mono path[0] = '/Applications/Unity/Hub/Editor/6000.0.33f1/Unity.app/Contents/Managed'
Mono path[1] = '/Applications/Unity/Hub/Editor/6000.0.33f1/Unity.app/Contents/MonoBleedingEdge/lib/mono/unityjit-macos'
Mono config path = '/Applications/Unity/Hub/Editor/6000.0.33f1/Unity.app/Contents/MonoBleedingEdge/etc'
Using monoOptions --debugger-agent=transport=dt_socket,embedding=1,server=y,suspend=n,address=127.0.0.1:56871
Begin MonoManager ReloadAssembly
Registering precompiled unity dll's ...
Register platform support module: /Applications/Unity/Hub/Editor/6000.0.33f1/Unity.app/Contents/PlaybackEngines/MacStandaloneSupport/UnityEditor.OSXStandalone.Extensions.dll
Registered in 0.003464 seconds.
- Loaded All Assemblies, in  0.272 seconds
Native extension for OSXStandalone target not found
Mono: successfully reloaded assembly
- Finished resetting the current domain, in  0.287 seconds
Domain Reload Profiling: 559ms
	BeginReloadAssembly (75ms)
		ExecutionOrderSort (0ms)
		DisableScriptedObjects (0ms)
		BackupInstance (0ms)
		ReleaseScriptingObjects (0ms)
		CreateAndSetChildDomain (1ms)
	RebuildCommonClasses (31ms)
	RebuildNativeTypeToScriptingClass (10ms)
	initialDomainReloadingComplete (34ms)
	LoadAllAssembliesAndSetupDomain (121ms)
		LoadAssemblies (76ms)
		RebuildTransferFunctionScriptingTraits (0ms)
		AnalyzeDomain (118ms)
			TypeCache.Refresh (117ms)
				TypeCache.ScanAssembly (105ms)
			BuildScriptInfoCaches (0ms)
			ResolveRequiredComponents (0ms)
	FinalizeReload (288ms)
		ReleaseScriptCaches (0ms)
		RebuildScriptCaches (0ms)
		SetupLoadedEditorAssemblies (258ms)
			LogAssemblyErrors (0ms)
			InitializePlatformSupportModulesInManaged (30ms)
			SetLoadedEditorAssemblies (4ms)
			BeforeProcessingInitializeOnLoad (46ms)
			ProcessInitializeOnLoadAttributes (111ms)
			ProcessInitializeOnLoadMethodAttributes (66ms)
			AfterProcessingInitializeOnLoad (0ms)
			EditorAssembliesLoaded (0ms)
		ExecutionOrderSort2 (0ms)
		AwakeInstancesAfterBackupRestoration (0ms)
========================================================================
Worker process is ready to serve import requests
Import Worker Mode flag is 0x00
Begin MonoManager ReloadAssembly
Symbol file LoadedFromMemory is not a mono symbol file
- Loaded All Assemblies, in  0.535 seconds
Refreshing native plugins compatible for Editor in 7.66 ms, found 2 plugins.
Native extension for OSXStandalone target not found
Mono: successfully reloaded assembly
- Finished resetting the current domain, in  0.539 seconds
Domain Reload Profiling: 1074ms
	BeginReloadAssembly (111ms)
		ExecutionOrderSort (0ms)
		DisableScriptedObjects (4ms)
		BackupInstance (0ms)
		ReleaseScriptingObjects (0ms)
		CreateAndSetChildDomain (27ms)
	RebuildCommonClasses (30ms)
	RebuildNativeTypeToScriptingClass (10ms)
	initialDomainReloadingComplete (26ms)
	LoadAllAssembliesAndSetupDomain (357ms)
		LoadAssemblies (313ms)
		RebuildTransferFunctionScriptingTraits (0ms)
		AnalyzeDomain (104ms)
			TypeCache.Refresh (79ms)
				TypeCache.ScanAssembly (66ms)
			BuildScriptInfoCaches (21ms)
			ResolveRequiredComponents (2ms)
	FinalizeReload (539ms)
		ReleaseScriptCaches (0ms)
		RebuildScriptCaches (0ms)
		SetupLoadedEditorAssemblies (464ms)
			LogAssemblyErrors (0ms)
			InitializePlatformSupportModulesInManaged (4ms)
			SetLoadedEditorAssemblies (4ms)
			BeforeProcessingInitializeOnLoad (62ms)
			ProcessInitializeOnLoadAttributes (271ms)
			ProcessInitializeOnLoadMethodAttributes (121ms)
			AfterProcessingInitializeOnLoad (1ms)
			EditorAssembliesLoaded (0ms)
		ExecutionOrderSort2 (0ms)
		AwakeInstancesAfterBackupRestoration (2ms)
Launching external process: /Applications/Unity/Hub/Editor/6000.0.33f1/Unity.app/Contents/Tools/UnityShaderCompiler
Launched and connected shader compiler UnityShaderCompiler after 0.04 seconds
Refreshing native plugins compatible for Editor in 3.47 ms, found 2 plugins.
Preloading 0 native plugins for Editor in 0.00 ms.
Unloading 13 Unused Serialized files (Serialized files now loaded: 0)
Unloading 2725 unused Assets / (0.6 MB). Loaded Objects now: 3213.
Memory consumption went from 89.3 MB to 88.7 MB.
Total: 8.315709 ms (FindLiveObjects: 0.332750 ms CreateObjectMapping: 0.068958 ms MarkObjects: 7.343042 ms  DeleteObjects: 0.570375 ms)

========================================================================
Received Import Request.
  Time since last request: 837772.750360 seconds.
  path: Assets/clock-low-poly/source/WhiteAndBlack.png
  artifactKey: Guid(8cd3ec9707e874cafa7ca7c80838b856) Importer(815301076,1909f56bfc062723c751e8b465ee728b)
Start importing Assets/clock-low-poly/source/WhiteAndBlack.png using Guid(8cd3ec9707e874cafa7ca7c80838b856) Importer(815301076,1909f56bfc062723c751e8b465ee728b) (PreviewImporter) -> (artifact id: '8d83fdb15e3980ab87573bfe82b9c307') in 0.039299459 seconds
Number of updated asset objects reloaded before import = 0Number of asset objects unloaded after import = 2

========================================================================
Received Prepare
Begin MonoManager ReloadAssembly
Thread 0x30a9d7000 may have been prematurely finalized
Symbol file LoadedFromMemory is not a mono symbol file
- Loaded All Assemblies, in  0.471 seconds
Refreshing native plugins compatible for Editor in 7.83 ms, found 2 plugins.
Native extension for OSXStandalone target not found
Mono: successfully reloaded assembly
- Finished resetting the current domain, in  0.571 seconds
Domain Reload Profiling: 1043ms
	BeginReloadAssembly (127ms)
		ExecutionOrderSort (0ms)
		DisableScriptedObjects (4ms)
		BackupInstance (0ms)
		ReleaseScriptingObjects (0ms)
		CreateAndSetChildDomain (35ms)
	RebuildCommonClasses (28ms)
	RebuildNativeTypeToScriptingClass (10ms)
	initialDomainReloadingComplete (20ms)
	LoadAllAssembliesAndSetupDomain (287ms)
		LoadAssemblies (280ms)
		RebuildTransferFunctionScriptingTraits (0ms)
		AnalyzeDomain (70ms)
			TypeCache.Refresh (5ms)
				TypeCache.ScanAssembly (0ms)
			BuildScriptInfoCaches (61ms)
			ResolveRequiredComponents (2ms)
	FinalizeReload (571ms)
		ReleaseScriptCaches (0ms)
		RebuildScriptCaches (0ms)
		SetupLoadedEditorAssemblies (493ms)
			LogAssemblyErrors (0ms)
			InitializePlatformSupportModulesInManaged (3ms)
			SetLoadedEditorAssemblies (9ms)
			BeforeProcessingInitializeOnLoad (71ms)
			ProcessInitializeOnLoadAttributes (284ms)
			ProcessInitializeOnLoadMethodAttributes (124ms)
			AfterProcessingInitializeOnLoad (2ms)
			EditorAssembliesLoaded (0ms)
		ExecutionOrderSort2 (0ms)
		AwakeInstancesAfterBackupRestoration (3ms)
Refreshing native plugins compatible for Editor in 3.33 ms, found 2 plugins.
Preloading 0 native plugins for Editor in 0.00 ms.
Unloading 1 Unused Serialized files (Serialized files now loaded: 0)
Unloading 2723 unused Assets / (388.9 KB). Loaded Objects now: 3218.
Memory consumption went from 97.4 MB to 97.0 MB.
Total: 8.182334 ms (FindLiveObjects: 0.160333 ms CreateObjectMapping: 0.075750 ms MarkObjects: 7.398083 ms  DeleteObjects: 0.547250 ms)

Prepare: number of updated asset objects reloaded= 0
========================================================================
Received Import Request.
  Time since last request: 150.648772 seconds.
  path: Assets/TSF/Models/Mascot@samba_dancing_1.fbx
  artifactKey: Guid(3f7cd3bda6c8d43e1a081db6f8657f21) Importer(815301076,1909f56bfc062723c751e8b465ee728b)
Start importing Assets/TSF/Models/Mascot@samba_dancing_1.fbx using Guid(3f7cd3bda6c8d43e1a081db6f8657f21) Importer(815301076,1909f56bfc062723c751e8b465ee728b) (PreviewImporter) -> (artifact id: 'cf7bf9094d28464f8a296d5e22438304') in 0.184253708 seconds
Number of updated asset objects reloaded before import = 0Number of asset objects unloaded after import = 110

========================================================================
Received Prepare
Begin MonoManager ReloadAssembly
Thread 0x31b773000 may have been prematurely finalized
Symbol file LoadedFromMemory is not a mono symbol file
- Loaded All Assemblies, in  0.515 seconds
Refreshing native plugins compatible for Editor in 4.89 ms, found 2 plugins.
Native extension for OSXStandalone target not found
Mono: successfully reloaded assembly
- Finished resetting the current domain, in  0.579 seconds
Domain Reload Profiling: 1095ms
	BeginReloadAssembly (128ms)
		ExecutionOrderSort (0ms)
		DisableScriptedObjects (4ms)
		BackupInstance (0ms)
		ReleaseScriptingObjects (0ms)
		CreateAndSetChildDomain (35ms)
	RebuildCommonClasses (29ms)
	RebuildNativeTypeToScriptingClass (10ms)
	initialDomainReloadingComplete (15ms)
	LoadAllAssembliesAndSetupDomain (334ms)
		LoadAssemblies (327ms)
		RebuildTransferFunctionScriptingTraits (0ms)
		AnalyzeDomain (71ms)
			TypeCache.Refresh (6ms)
				TypeCache.ScanAssembly (0ms)
			BuildScriptInfoCaches (61ms)
			ResolveRequiredComponents (2ms)
	FinalizeReload (579ms)
		ReleaseScriptCaches (0ms)
		RebuildScriptCaches (0ms)
		SetupLoadedEditorAssemblies (500ms)
			LogAssemblyErrors (0ms)
			InitializePlatformSupportModulesInManaged (2ms)
			SetLoadedEditorAssemblies (9ms)
			BeforeProcessingInitializeOnLoad (70ms)
			ProcessInitializeOnLoadAttributes (296ms)
			ProcessInitializeOnLoadMethodAttributes (123ms)
			AfterProcessingInitializeOnLoad (1ms)
			EditorAssembliesLoaded (0ms)
		ExecutionOrderSort2 (0ms)
		AwakeInstancesAfterBackupRestoration (4ms)
Refreshing native plugins compatible for Editor in 2.97 ms, found 2 plugins.
Preloading 0 native plugins for Editor in 0.00 ms.
Unloading 1 Unused Serialized files (Serialized files now loaded: 0)
Unloading 2723 unused Assets / (219.4 KB). Loaded Objects now: 3228.
Memory consumption went from 100.4 MB to 100.2 MB.
Total: 7.902333 ms (FindLiveObjects: 0.157750 ms CreateObjectMapping: 0.075083 ms MarkObjects: 7.190417 ms  DeleteObjects: 0.478375 ms)

Prepare: number of updated asset objects reloaded= 0
========================================================================
Received Import Request.
  Time since last request: 66.340764 seconds.
  path: Assets/clock-low-poly/source/Obj_Clock.controller
  artifactKey: Guid(934a0a9f5d97745b6a541ccef869eeb2) Importer(815301076,1909f56bfc062723c751e8b465ee728b)
Start importing Assets/clock-low-poly/source/Obj_Clock.controller using Guid(934a0a9f5d97745b6a541ccef869eeb2) Importer(815301076,1909f56bfc062723c751e8b465ee728b) (PreviewImporter) -> (artifact id: '13f6bb42051ef90504e88bdb92c60951') in 0.014321209 seconds
Number of updated asset objects reloaded before import = 0Number of asset objects unloaded after import = 4

========================================================================
Received Import Request.
  Time since last request: 596.643895 seconds.
  path: Assets/Low-Poly Medieval Market
  artifactKey: Guid(152662971e5c6244e947b44be47bd5f7) Importer(815301076,1909f56bfc062723c751e8b465ee728b)
Start importing Assets/Low-Poly Medieval Market using Guid(152662971e5c6244e947b44be47bd5f7) Importer(815301076,1909f56bfc062723c751e8b465ee728b) (PreviewImporter) -> (artifact id: 'f2d8db4a1f16be3c154ee8a702a8fa76') in 0.001376584 seconds
Number of updated asset objects reloaded before import = 0Number of asset objects unloaded after import = 0

========================================================================
Received Import Request.
  Time since last request: 3.707113 seconds.
  path: Assets/medieval
  artifactKey: Guid(152662971e5c6244e947b44be47bd5f7) Importer(815301076,1909f56bfc062723c751e8b465ee728b)
Start importing Assets/medieval using Guid(152662971e5c6244e947b44be47bd5f7) Importer(815301076,1909f56bfc062723c751e8b465ee728b) (PreviewImporter) -> (artifact id: '2a28e36d644a98100f29c4777ac8973c') in 0.000436417 seconds
Number of updated asset objects reloaded before import = 0Number of asset objects unloaded after import = 0

========================================================================
Received Import Request.
  Time since last request: 2.354086 seconds.
  path: Assets/medieval/Prefabs
  artifactKey: Guid(feba067cab574dc46aa4d47ea94c14ce) Importer(815301076,1909f56bfc062723c751e8b465ee728b)
Start importing Assets/medieval/Prefabs using Guid(feba067cab574dc46aa4d47ea94c14ce) Importer(815301076,1909f56bfc062723c751e8b465ee728b) (PreviewImporter) -> (artifact id: '5103e603c45bd07834028bedef8c331f') in 0.000428917 seconds
Number of updated asset objects reloaded before import = 0Number of asset objects unloaded after import = 0

========================================================================
Received Import Request.
  Time since last request: 0.060017 seconds.
  path: Assets/medieval/Prefabs/anvil.prefab
  artifactKey: Guid(e4bc6212d5190564c92e2e1f443a750b) Importer(815301076,1909f56bfc062723c751e8b465ee728b)
Start importing Assets/medieval/Prefabs/anvil.prefab using Guid(e4bc6212d5190564c92e2e1f443a750b) Importer(815301076,1909f56bfc062723c751e8b465ee728b) (PreviewImporter) -> (artifact id: '2542a1293a137c39a65c4df6dc01888b') in 0.1261425 seconds
Number of updated asset objects reloaded before import = 0Number of asset objects unloaded after import = 9

========================================================================
Received Import Request.
  Time since last request: 0.000051 seconds.
  path: Assets/medieval/Prefabs/bag_open.prefab
  artifactKey: Guid(f74b0d6b21a350347aa1f01ddb3448fc) Importer(815301076,1909f56bfc062723c751e8b465ee728b)
Start importing Assets/medieval/Prefabs/bag_open.prefab using Guid(f74b0d6b21a350347aa1f01ddb3448fc) Importer(815301076,1909f56bfc062723c751e8b465ee728b) (PreviewImporter) -> (artifact id: '0d37bc3cf13ff45babc428597b692a7b') in 0.012581625 seconds
Number of updated asset objects reloaded before import = 0Number of asset objects unloaded after import = 9

========================================================================
Received Import Request.
  Time since last request: 0.000051 seconds.
  path: Assets/medieval/Prefabs/fish_twisted_01.prefab
  artifactKey: Guid(bb4733244fed04042aa0b1ed0b0aea72) Importer(815301076,1909f56bfc062723c751e8b465ee728b)
Start importing Assets/medieval/Prefabs/fish_twisted_01.prefab using Guid(bb4733244fed04042aa0b1ed0b0aea72) Importer(815301076,1909f56bfc062723c751e8b465ee728b) (PreviewImporter) -> (artifact id: '95b59e701689d31415914eb2aed65ba6') in 0.010264917 seconds
Number of updated asset objects reloaded before import = 0Number of asset objects unloaded after import = 9

========================================================================
Received Import Request.
  Time since last request: 0.000050 seconds.
  path: Assets/medieval/Prefabs/cookies.prefab
  artifactKey: Guid(6a759dcb2b687cc43b7528b5eac955bb) Importer(815301076,1909f56bfc062723c751e8b465ee728b)
Start importing Assets/medieval/Prefabs/cookies.prefab using Guid(6a759dcb2b687cc43b7528b5eac955bb) Importer(815301076,1909f56bfc062723c751e8b465ee728b) (PreviewImporter) -> (artifact id: '81247740d014e36f3a7c3d38c85c2053') in 0.018962167 seconds
Number of updated asset objects reloaded before import = 0Number of asset objects unloaded after import = 43

========================================================================
Received Import Request.
  Time since last request: 0.000076 seconds.
  path: Assets/medieval/Prefabs/fish_twisted_02.prefab
  artifactKey: Guid(25cf72de2a9eff945a3eea4ee1c034af) Importer(815301076,1909f56bfc062723c751e8b465ee728b)
Start importing Assets/medieval/Prefabs/fish_twisted_02.prefab using Guid(25cf72de2a9eff945a3eea4ee1c034af) Importer(815301076,1909f56bfc062723c751e8b465ee728b) (PreviewImporter) -> (artifact id: '349d0845cfcc4e2108e1884f1ff6f747') in 0.009109041 seconds
Number of updated asset objects reloaded before import = 0Number of asset objects unloaded after import = 9

========================================================================
Received Import Request.
  Time since last request: 0.000046 seconds.
  path: Assets/medieval/Prefabs/fish_market.prefab
  artifactKey: Guid(c702d9f2cdb3c5c4e8c8c1b713a0881b) Importer(815301076,1909f56bfc062723c751e8b465ee728b)
Start importing Assets/medieval/Prefabs/fish_market.prefab using Guid(c702d9f2cdb3c5c4e8c8c1b713a0881b) Importer(815301076,1909f56bfc062723c751e8b465ee728b) (PreviewImporter) -> (artifact id: 'ab03850fe319039644263f6513bffdd2') in 0.008755833 seconds
Number of updated asset objects reloaded before import = 0Number of asset objects unloaded after import = 9

========================================================================
Received Import Request.
  Time since last request: 0.000046 seconds.
  path: Assets/medieval/Prefabs/average_meat.prefab
  artifactKey: Guid(4cedc6c28e53aff4a9d89702ea90f979) Importer(815301076,1909f56bfc062723c751e8b465ee728b)
Start importing Assets/medieval/Prefabs/average_meat.prefab using Guid(4cedc6c28e53aff4a9d89702ea90f979) Importer(815301076,1909f56bfc062723c751e8b465ee728b) (PreviewImporter) -> (artifact id: '3fe6f8f48b12a8a471b88cefe0606c03') in 0.009845792 seconds
Number of updated asset objects reloaded before import = 0Number of asset objects unloaded after import = 9

========================================================================
Received Import Request.
  Time since last request: 0.000092 seconds.
  path: Assets/medieval/Prefabs/fish_section_03.prefab
  artifactKey: Guid(0793504ad3bc94f4cba8cd1e1621390e) Importer(815301076,1909f56bfc062723c751e8b465ee728b)
Start importing Assets/medieval/Prefabs/fish_section_03.prefab using Guid(0793504ad3bc94f4cba8cd1e1621390e) Importer(815301076,1909f56bfc062723c751e8b465ee728b) (PreviewImporter) -> (artifact id: '5aa0fc787991ad8890af06f794c70a3f') in 0.017374834 seconds
Number of updated asset objects reloaded before import = 0Number of asset objects unloaded after import = 60

========================================================================
Received Import Request.
  Time since last request: 0.000056 seconds.
  path: Assets/medieval/Prefabs/egg_brown.prefab
  artifactKey: Guid(8c0494df984b65947bcccebd74b1898c) Importer(815301076,1909f56bfc062723c751e8b465ee728b)
Start importing Assets/medieval/Prefabs/egg_brown.prefab using Guid(8c0494df984b65947bcccebd74b1898c) Importer(815301076,1909f56bfc062723c751e8b465ee728b) (PreviewImporter) -> (artifact id: 'a3ed64b194946a5fd757b0b21e1ade52') in 0.008825791 seconds
Number of updated asset objects reloaded before import = 0Number of asset objects unloaded after import = 9

========================================================================
Received Import Request.
  Time since last request: 0.000052 seconds.
  path: Assets/medieval/Prefabs/loaf_basket.prefab
  artifactKey: Guid(4b7f7bf8cd0125243a6a457c53fc1b90) Importer(815301076,1909f56bfc062723c751e8b465ee728b)
Start importing Assets/medieval/Prefabs/loaf_basket.prefab using Guid(4b7f7bf8cd0125243a6a457c53fc1b90) Importer(815301076,1909f56bfc062723c751e8b465ee728b) (PreviewImporter) -> (artifact id: '96de91e50af5a876262f824e7fff986f') in 0.008965666 seconds
Number of updated asset objects reloaded before import = 0Number of asset objects unloaded after import = 28

========================================================================
Received Import Request.
  Time since last request: 0.000063 seconds.
  path: Assets/medieval/Prefabs/leather_dressing_frame.prefab
  artifactKey: Guid(67b057dff1beeba43bfbf108efc29593) Importer(815301076,1909f56bfc062723c751e8b465ee728b)
Start importing Assets/medieval/Prefabs/leather_dressing_frame.prefab using Guid(67b057dff1beeba43bfbf108efc29593) Importer(815301076,1909f56bfc062723c751e8b465ee728b) (PreviewImporter) -> (artifact id: 'df5121870f969eb8c85c50d076ed029c') in 0.011439417 seconds
Number of updated asset objects reloaded before import = 0Number of asset objects unloaded after import = 9

========================================================================
Received Import Request.
  Time since last request: 0.000047 seconds.
  path: Assets/medieval/Prefabs/BakeryMarket.prefab
  artifactKey: Guid(d9d36dec935d2024a9a49f82ed879fc6) Importer(815301076,1909f56bfc062723c751e8b465ee728b)
Start importing Assets/medieval/Prefabs/BakeryMarket.prefab using Guid(d9d36dec935d2024a9a49f82ed879fc6) Importer(815301076,1909f56bfc062723c751e8b465ee728b) (PreviewImporter) -> (artifact id: 'd734ad967d94447acb415308db5e9526') in 0.010610916 seconds
Number of updated asset objects reloaded before import = 0Number of asset objects unloaded after import = 14

========================================================================
Received Import Request.
  Time since last request: 0.000051 seconds.
  path: Assets/medieval/Prefabs/fish.prefab
  artifactKey: Guid(a0345e1ce04d44947b508fbb0489ea35) Importer(815301076,1909f56bfc062723c751e8b465ee728b)
Start importing Assets/medieval/Prefabs/fish.prefab using Guid(a0345e1ce04d44947b508fbb0489ea35) Importer(815301076,1909f56bfc062723c751e8b465ee728b) (PreviewImporter) -> (artifact id: '7860d3ae6814588443ad4cb122badff8') in 0.0096585 seconds
Number of updated asset objects reloaded before import = 0Number of asset objects unloaded after import = 9

========================================================================
Received Import Request.
  Time since last request: 0.000048 seconds.
  path: Assets/medieval/Prefabs/maneken.prefab
  artifactKey: Guid(efaab5d802eafe74d9681146cf89b7b1) Importer(815301076,1909f56bfc062723c751e8b465ee728b)
Start importing Assets/medieval/Prefabs/maneken.prefab using Guid(efaab5d802eafe74d9681146cf89b7b1) Importer(815301076,1909f56bfc062723c751e8b465ee728b) (PreviewImporter) -> (artifact id: '015b1464b1fbfa6d103b19631d385e47') in 0.014598833 seconds
Number of updated asset objects reloaded before import = 0Number of asset objects unloaded after import = 9

========================================================================
Received Import Request.
  Time since last request: 0.000040 seconds.
  path: Assets/medieval/Prefabs/eggs_basket.prefab
  artifactKey: Guid(73035f5f353bfaf468424da79dc1b9eb) Importer(815301076,1909f56bfc062723c751e8b465ee728b)
Start importing Assets/medieval/Prefabs/eggs_basket.prefab using Guid(73035f5f353bfaf468424da79dc1b9eb) Importer(815301076,1909f56bfc062723c751e8b465ee728b) (PreviewImporter) -> (artifact id: '18c8a2a81de551f9ddd659179d0fd674') in 0.012274375 seconds
Number of updated asset objects reloaded before import = 0Number of asset objects unloaded after import = 188

========================================================================
Received Import Request.
  Time since last request: 0.000049 seconds.
  path: Assets/medieval/Prefabs/coin.prefab
  artifactKey: Guid(74aaf32e479743b44a6c0abdd1c1ed35) Importer(815301076,1909f56bfc062723c751e8b465ee728b)
Start importing Assets/medieval/Prefabs/coin.prefab using Guid(74aaf32e479743b44a6c0abdd1c1ed35) Importer(815301076,1909f56bfc062723c751e8b465ee728b) (PreviewImporter) -> (artifact id: 'cb9d290c9d387df63db9261340c2f65e') in 0.009578125 seconds
Number of updated asset objects reloaded before import = 0Number of asset objects unloaded after import = 9

========================================================================
Received Import Request.
  Time since last request: 0.000264 seconds.
  path: Assets/medieval/Prefabs/bag_of_gold.prefab
  artifactKey: Guid(7c6a89aa75c99bc4cbf5e6213b60b6ed) Importer(815301076,1909f56bfc062723c751e8b465ee728b)
Start importing Assets/medieval/Prefabs/bag_of_gold.prefab using Guid(7c6a89aa75c99bc4cbf5e6213b60b6ed) Importer(815301076,1909f56bfc062723c751e8b465ee728b) (PreviewImporter) -> (artifact id: '0cee5b4190ce79b12cdda4350ddfd9cf') in 0.010970208 seconds
Number of updated asset objects reloaded before import = 0Number of asset objects unloaded after import = 9

========================================================================
Received Import Request.
  Time since last request: 0.000045 seconds.
  path: Assets/medieval/Prefabs/box_with_fish.prefab
  artifactKey: Guid(73a9ab3e0680d24459b8cc6ef9809672) Importer(815301076,1909f56bfc062723c751e8b465ee728b)
Start importing Assets/medieval/Prefabs/box_with_fish.prefab using Guid(73a9ab3e0680d24459b8cc6ef9809672) Importer(815301076,1909f56bfc062723c751e8b465ee728b) (PreviewImporter) -> (artifact id: '80027b69ab079dcb93b1f42c304889e4') in 0.016414916 seconds
Number of updated asset objects reloaded before import = 0Number of asset objects unloaded after import = 70

========================================================================
Received Import Request.
  Time since last request: 0.000046 seconds.
  path: Assets/medieval/Prefabs/hanger_with_meat (1).prefab
  artifactKey: Guid(80eeb85a0b1e81740af342fb5ac20c1b) Importer(815301076,1909f56bfc062723c751e8b465ee728b)
Start importing Assets/medieval/Prefabs/hanger_with_meat (1).prefab using Guid(80eeb85a0b1e81740af342fb5ac20c1b) Importer(815301076,1909f56bfc062723c751e8b465ee728b) (PreviewImporter) -> (artifact id: 'aa587f3676fb48c03c6435ced8cb1130') in 0.010698417 seconds
Number of updated asset objects reloaded before import = 0Number of asset objects unloaded after import = 49

========================================================================
Received Import Request.
  Time since last request: 0.000051 seconds.
  path: Assets/medieval/Prefabs/cookie.prefab
  artifactKey: Guid(46125fc5251e14f4692a5a3c3f4841c0) Importer(815301076,1909f56bfc062723c751e8b465ee728b)
Start importing Assets/medieval/Prefabs/cookie.prefab using Guid(46125fc5251e14f4692a5a3c3f4841c0) Importer(815301076,1909f56bfc062723c751e8b465ee728b) (PreviewImporter) -> (artifact id: 'e288a502c7fcba691793efbf17ac28a2') in 0.009188875 seconds
Number of updated asset objects reloaded before import = 0Number of asset objects unloaded after import = 9

========================================================================
Received Import Request.
  Time since last request: 0.000068 seconds.
  path: Assets/medieval/Prefabs/big_meat.prefab
  artifactKey: Guid(055e9d32f820c5b47b707a7882b22893) Importer(815301076,1909f56bfc062723c751e8b465ee728b)
Start importing Assets/medieval/Prefabs/big_meat.prefab using Guid(055e9d32f820c5b47b707a7882b22893) Importer(815301076,1909f56bfc062723c751e8b465ee728b) (PreviewImporter) -> (artifact id: '14700a9b0d88df579d9124937f6643d0') in 0.008169084 seconds
Number of updated asset objects reloaded before import = 0Number of asset objects unloaded after import = 9

========================================================================
Received Import Request.
  Time since last request: 0.000068 seconds.
  path: Assets/medieval/Prefabs/egg_white.prefab
  artifactKey: Guid(eb60cd9a4b02904449844343b2735c20) Importer(815301076,1909f56bfc062723c751e8b465ee728b)
Start importing Assets/medieval/Prefabs/egg_white.prefab using Guid(eb60cd9a4b02904449844343b2735c20) Importer(815301076,1909f56bfc062723c751e8b465ee728b) (PreviewImporter) -> (artifact id: 'a618e1d155bae6cea93a7cbfc0e74d99') in 0.008223417 seconds
Number of updated asset objects reloaded before import = 0Number of asset objects unloaded after import = 9

========================================================================
Received Import Request.
  Time since last request: 1.053924 seconds.
  path: Assets/medieval/Prefabs/meat_hanger.prefab
  artifactKey: Guid(bb394513995282642807388586408f37) Importer(815301076,1909f56bfc062723c751e8b465ee728b)
Start importing Assets/medieval/Prefabs/meat_hanger.prefab using Guid(bb394513995282642807388586408f37) Importer(815301076,1909f56bfc062723c751e8b465ee728b) (PreviewImporter) -> (artifact id: '9f8bf1473d9188f121f58c308bb5ad03') in 0.008523084 seconds
Number of updated asset objects reloaded before import = 0Number of asset objects unloaded after import = 9

========================================================================
Received Import Request.
  Time since last request: 0.000159 seconds.
  path: Assets/medieval/Prefabs/meat_with_bone.prefab
  artifactKey: Guid(5293305630d1f7549ad019ca86b95661) Importer(815301076,1909f56bfc062723c751e8b465ee728b)
Start importing Assets/medieval/Prefabs/meat_with_bone.prefab using Guid(5293305630d1f7549ad019ca86b95661) Importer(815301076,1909f56bfc062723c751e8b465ee728b) (PreviewImporter) -> (artifact id: 'db35dea3fff469c732c7e4a341201f74') in 0.008544292 seconds
Number of updated asset objects reloaded before import = 0Number of asset objects unloaded after import = 9

========================================================================
Received Import Request.
  Time since last request: 0.000106 seconds.
  path: Assets/medieval/Prefabs/pastry.prefab
  artifactKey: Guid(837819cd64a76a44aa33dc4d23d05a4a) Importer(815301076,1909f56bfc062723c751e8b465ee728b)
Start importing Assets/medieval/Prefabs/pastry.prefab using Guid(837819cd64a76a44aa33dc4d23d05a4a) Importer(815301076,1909f56bfc062723c751e8b465ee728b) (PreviewImporter) -> (artifact id: '682a7c3234d5b3f822d5effee6b83a0d') in 0.008829208 seconds
Number of updated asset objects reloaded before import = 0Number of asset objects unloaded after import = 9

========================================================================
Received Import Request.
  Time since last request: 0.000050 seconds.
  path: Assets/medieval/Prefabs/piece_of_cheese.prefab
  artifactKey: Guid(44b4971abf6ce444aa541f5eb5635e81) Importer(815301076,1909f56bfc062723c751e8b465ee728b)
Start importing Assets/medieval/Prefabs/piece_of_cheese.prefab using Guid(44b4971abf6ce444aa541f5eb5635e81) Importer(815301076,1909f56bfc062723c751e8b465ee728b) (PreviewImporter) -> (artifact id: '9cd28f49c4523eb94561ec39fdcb1535') in 0.00957325 seconds
Number of updated asset objects reloaded before import = 0Number of asset objects unloaded after import = 9

========================================================================
Received Import Request.
  Time since last request: 0.000049 seconds.
  path: Assets/medieval/Prefabs/pie.prefab
  artifactKey: Guid(b0cef7e2d44ba0d44b0ba7953ccdbcad) Importer(815301076,1909f56bfc062723c751e8b465ee728b)
Start importing Assets/medieval/Prefabs/pie.prefab using Guid(b0cef7e2d44ba0d44b0ba7953ccdbcad) Importer(815301076,1909f56bfc062723c751e8b465ee728b) (PreviewImporter) -> (artifact id: 'd87fe201599fee3b26449b8a0c5a6a4f') in 0.008963834 seconds
Number of updated asset objects reloaded before import = 0Number of asset objects unloaded after import = 9

========================================================================
Received Import Request.
  Time since last request: 0.000040 seconds.
  path: Assets/medieval/Prefabs/MeatMarket.prefab
  artifactKey: Guid(15ec834161d65154592f89afb7c76fba) Importer(815301076,1909f56bfc062723c751e8b465ee728b)
Start importing Assets/medieval/Prefabs/MeatMarket.prefab using Guid(15ec834161d65154592f89afb7c76fba) Importer(815301076,1909f56bfc062723c751e8b465ee728b) (PreviewImporter) -> (artifact id: 'df4d174a56ef2fc0ae386a1b8605e5e8') in 0.008625166 seconds
Number of updated asset objects reloaded before import = 0Number of asset objects unloaded after import = 9

========================================================================
Received Import Request.
  Time since last request: 0.301453 seconds.
  path: Assets/medieval/Prefabs/pretzel_box.prefab
  artifactKey: Guid(c13aa8e236f8e5c43bcd9dc7046042fd) Importer(815301076,1909f56bfc062723c751e8b465ee728b)
Start importing Assets/medieval/Prefabs/pretzel_box.prefab using Guid(c13aa8e236f8e5c43bcd9dc7046042fd) Importer(815301076,1909f56bfc062723c751e8b465ee728b) (PreviewImporter) -> (artifact id: '18353fdb31e3c3c1ee43ee88a275f1be') in 0.014768541 seconds
Number of updated asset objects reloaded before import = 0Number of asset objects unloaded after import = 70

========================================================================
Received Import Request.
  Time since last request: 0.000056 seconds.
  path: Assets/medieval/Prefabs/section_02.prefab
  artifactKey: Guid(a66329e049f66ec48914f5e129b1612c) Importer(815301076,1909f56bfc062723c751e8b465ee728b)
Start importing Assets/medieval/Prefabs/section_02.prefab using Guid(a66329e049f66ec48914f5e129b1612c) Importer(815301076,1909f56bfc062723c751e8b465ee728b) (PreviewImporter) -> (artifact id: '585d92cad7df7dfe880841eb32e5022b') in 0.010873375 seconds
Number of updated asset objects reloaded before import = 0Number of asset objects unloaded after import = 9

========================================================================
Received Import Request.
  Time since last request: 0.000052 seconds.
  path: Assets/medieval/Prefabs/sausages_hanging.prefab
  artifactKey: Guid(2397942164dda9244a32b8d0fbebc32b) Importer(815301076,1909f56bfc062723c751e8b465ee728b)
Start importing Assets/medieval/Prefabs/sausages_hanging.prefab using Guid(2397942164dda9244a32b8d0fbebc32b) Importer(815301076,1909f56bfc062723c751e8b465ee728b) (PreviewImporter) -> (artifact id: '3802454f7a025f2b7e9a4faca033d75d') in 0.009597708 seconds
Number of updated asset objects reloaded before import = 0Number of asset objects unloaded after import = 9

========================================================================
Received Import Request.
  Time since last request: 0.000071 seconds.
  path: Assets/medieval/Prefabs/round_bread.prefab
  artifactKey: Guid(3d4423e72eabf19439fa6b367a803a32) Importer(815301076,1909f56bfc062723c751e8b465ee728b)
Start importing Assets/medieval/Prefabs/round_bread.prefab using Guid(3d4423e72eabf19439fa6b367a803a32) Importer(815301076,1909f56bfc062723c751e8b465ee728b) (PreviewImporter) -> (artifact id: '823643de28b2b4a0cf0063d3c557e084') in 0.010397375 seconds
Number of updated asset objects reloaded before import = 0Number of asset objects unloaded after import = 9

========================================================================
Received Import Request.
  Time since last request: 0.000167 seconds.
  path: Assets/medieval/Prefabs/section_01.prefab
  artifactKey: Guid(3337e494fa27d754cb3c069a8a7e6bc8) Importer(815301076,1909f56bfc062723c751e8b465ee728b)
Start importing Assets/medieval/Prefabs/section_01.prefab using Guid(3337e494fa27d754cb3c069a8a7e6bc8) Importer(815301076,1909f56bfc062723c751e8b465ee728b) (PreviewImporter) -> (artifact id: '55dd4c26b763c5f630ae62177e341275') in 0.008982958 seconds
Number of updated asset objects reloaded before import = 0Number of asset objects unloaded after import = 9

========================================================================
Received Import Request.
  Time since last request: 0.000106 seconds.
  path: Assets/medieval/Prefabs/round_bread_basket.prefab
  artifactKey: Guid(90f15e791bd7a46409914c71c35c27ea) Importer(815301076,1909f56bfc062723c751e8b465ee728b)
Start importing Assets/medieval/Prefabs/round_bread_basket.prefab using Guid(90f15e791bd7a46409914c71c35c27ea) Importer(815301076,1909f56bfc062723c751e8b465ee728b) (PreviewImporter) -> (artifact id: '1aaa4e76ba847d9eb3cec181f75eb343') in 0.009835792 seconds
Number of updated asset objects reloaded before import = 0Number of asset objects unloaded after import = 33

========================================================================
Received Import Request.
  Time since last request: 0.009578 seconds.
  path: Assets/medieval/Prefabs/section_03.prefab
  artifactKey: Guid(2fae3373bd8c2a44ba7afa3ba44e47b4) Importer(815301076,1909f56bfc062723c751e8b465ee728b)
Start importing Assets/medieval/Prefabs/section_03.prefab using Guid(2fae3373bd8c2a44ba7afa3ba44e47b4) Importer(815301076,1909f56bfc062723c751e8b465ee728b) (PreviewImporter) -> (artifact id: 'cd99e17a9ea4916f084eabbeb5e86a9c') in 0.00916 seconds
Number of updated asset objects reloaded before import = 0Number of asset objects unloaded after import = 9

========================================================================
Received Import Request.
  Time since last request: 0.000041 seconds.
  path: Assets/medieval/Prefabs/small_meat.prefab
  artifactKey: Guid(96c31d99e8d69a04b9eb26a5942a33c2) Importer(815301076,1909f56bfc062723c751e8b465ee728b)
Start importing Assets/medieval/Prefabs/small_meat.prefab using Guid(96c31d99e8d69a04b9eb26a5942a33c2) Importer(815301076,1909f56bfc062723c751e8b465ee728b) (PreviewImporter) -> (artifact id: '4277665d9b89b00619f24a4925983208') in 0.009442959 seconds
Number of updated asset objects reloaded before import = 0Number of asset objects unloaded after import = 9

========================================================================
Received Import Request.
  Time since last request: 0.000057 seconds.
  path: Assets/medieval/Prefabs/stand_02.prefab
  artifactKey: Guid(1cfe0aebf2d528e41a25542addfe8364) Importer(815301076,1909f56bfc062723c751e8b465ee728b)
Start importing Assets/medieval/Prefabs/stand_02.prefab using Guid(1cfe0aebf2d528e41a25542addfe8364) Importer(815301076,1909f56bfc062723c751e8b465ee728b) (PreviewImporter) -> (artifact id: 'c961a6ff04d7c57f62d3af8297244f82') in 0.023617583 seconds
Number of updated asset objects reloaded before import = 0Number of asset objects unloaded after import = 195

========================================================================
Received Import Request.
  Time since last request: 0.000055 seconds.
  path: Assets/medieval/Prefabs/section_04_with_fish.prefab
  artifactKey: Guid(11e3612d3f8c37144a094049eced224e) Importer(815301076,1909f56bfc062723c751e8b465ee728b)
Start importing Assets/medieval/Prefabs/section_04_with_fish.prefab using Guid(11e3612d3f8c37144a094049eced224e) Importer(815301076,1909f56bfc062723c751e8b465ee728b) (PreviewImporter) -> (artifact id: '9f9dc60edc132e8d485f431fd5f66b7c') in 0.017401584 seconds
Number of updated asset objects reloaded before import = 0Number of asset objects unloaded after import = 83

========================================================================
Received Import Request.
  Time since last request: 0.000061 seconds.
  path: Assets/medieval/Prefabs/section_06.prefab
  artifactKey: Guid(b5143ad07080ff841b5a6b60c1c0e1db) Importer(815301076,1909f56bfc062723c751e8b465ee728b)
Start importing Assets/medieval/Prefabs/section_06.prefab using Guid(b5143ad07080ff841b5a6b60c1c0e1db) Importer(815301076,1909f56bfc062723c751e8b465ee728b) (PreviewImporter) -> (artifact id: '5ded8a275cb1d2d8b4bac3adf0308c0c') in 0.012806041 seconds
Number of updated asset objects reloaded before import = 0Number of asset objects unloaded after import = 9

========================================================================
Received Import Request.
  Time since last request: 0.279845 seconds.
  path: Assets/medieval/Prefabs/table_02.prefab
  artifactKey: Guid(98c36059c3fc374479c36f64599c6ef3) Importer(815301076,1909f56bfc062723c751e8b465ee728b)
Start importing Assets/medieval/Prefabs/table_02.prefab using Guid(98c36059c3fc374479c36f64599c6ef3) Importer(815301076,1909f56bfc062723c751e8b465ee728b) (PreviewImporter) -> (artifact id: '2a9a392d9a8e6b8cfab26d29ea2fa32b') in 0.009068292 seconds
Number of updated asset objects reloaded before import = 0Number of asset objects unloaded after import = 9

========================================================================
Received Import Request.
  Time since last request: 0.000038 seconds.
  path: Assets/medieval/Prefabs/VegetableMarket.prefab
  artifactKey: Guid(f4b5311c4144f604eb483b849c8e96c9) Importer(815301076,1909f56bfc062723c751e8b465ee728b)
Start importing Assets/medieval/Prefabs/VegetableMarket.prefab using Guid(f4b5311c4144f604eb483b849c8e96c9) Importer(815301076,1909f56bfc062723c751e8b465ee728b) (PreviewImporter) -> (artifact id: '48c4d32374b8a8188b72e9efd8e4f88d') in 0.00999975 seconds
Number of updated asset objects reloaded before import = 0Number of asset objects unloaded after import = 9

========================================================================
Received Import Request.
  Time since last request: 0.000073 seconds.
  path: Assets/medieval/Prefabs/table_with_meat_chease.prefab
  artifactKey: Guid(0c54d0bf7635644479ee2a6d05ee16d2) Importer(815301076,1909f56bfc062723c751e8b465ee728b)
Start importing Assets/medieval/Prefabs/table_with_meat_chease.prefab using Guid(0c54d0bf7635644479ee2a6d05ee16d2) Importer(815301076,1909f56bfc062723c751e8b465ee728b) (PreviewImporter) -> (artifact id: '031a1c101494b3369b2de71fd89966c0') in 0.0114645 seconds
Number of updated asset objects reloaded before import = 0Number of asset objects unloaded after import = 78

========================================================================
Received Import Request.
  Time since last request: 0.000046 seconds.
  path: Assets/medieval/Prefabs/table_with_bottels.prefab
  artifactKey: Guid(733f4be6517664b4f96ee130230f641f) Importer(815301076,1909f56bfc062723c751e8b465ee728b)
Start importing Assets/medieval/Prefabs/table_with_bottels.prefab using Guid(733f4be6517664b4f96ee130230f641f) Importer(815301076,1909f56bfc062723c751e8b465ee728b) (PreviewImporter) -> (artifact id: '28fb48349ef4a8153d96b1ee4d72f46b') in 0.009628292 seconds
Number of updated asset objects reloaded before import = 0Number of asset objects unloaded after import = 38

========================================================================
Received Import Request.
  Time since last request: 0.000142 seconds.
  path: Assets/medieval/Prefabs/vegetable_section_01.prefab
  artifactKey: Guid(5c10f8d63a7712a44af108b5729df76a) Importer(815301076,1909f56bfc062723c751e8b465ee728b)
Start importing Assets/medieval/Prefabs/vegetable_section_01.prefab using Guid(5c10f8d63a7712a44af108b5729df76a) Importer(815301076,1909f56bfc062723c751e8b465ee728b) (PreviewImporter) -> (artifact id: 'e88176df060fbfb594c5e88c5e1c35da') in 0.0141375 seconds
Number of updated asset objects reloaded before import = 0Number of asset objects unloaded after import = 179

========================================================================
Received Import Request.
  Time since last request: 0.000040 seconds.
  path: Assets/medieval/Prefabs/wicker_bottle.prefab
  artifactKey: Guid(0e8c1ff32c7d079418ce1ced4e09100d) Importer(815301076,1909f56bfc062723c751e8b465ee728b)
Start importing Assets/medieval/Prefabs/wicker_bottle.prefab using Guid(0e8c1ff32c7d079418ce1ced4e09100d) Importer(815301076,1909f56bfc062723c751e8b465ee728b) (PreviewImporter) -> (artifact id: '766d8c562b825a0f87cdd2a8809605cc') in 0.008098084 seconds
Number of updated asset objects reloaded before import = 0Number of asset objects unloaded after import = 9

========================================================================
Received Import Request.
  Time since last request: 0.000131 seconds.
  path: Assets/medieval/Prefabs/wooden_bowl_02.prefab
  artifactKey: Guid(aa5b129a96531904680cf344db456eea) Importer(815301076,1909f56bfc062723c751e8b465ee728b)
Start importing Assets/medieval/Prefabs/wooden_bowl_02.prefab using Guid(aa5b129a96531904680cf344db456eea) Importer(815301076,1909f56bfc062723c751e8b465ee728b) (PreviewImporter) -> (artifact id: '1800f08b12cb4dec9ecda4e269cd8370') in 0.008977458 seconds
Number of updated asset objects reloaded before import = 0Number of asset objects unloaded after import = 9

========================================================================
Received Import Request.
  Time since last request: 0.000047 seconds.
  path: Assets/medieval/Prefabs/Weapon_Market_with_objects.prefab
  artifactKey: Guid(6eef9e580c001db45934a1ce61d95a7b) Importer(815301076,1909f56bfc062723c751e8b465ee728b)
Start importing Assets/medieval/Prefabs/Weapon_Market_with_objects.prefab using Guid(6eef9e580c001db45934a1ce61d95a7b) Importer(815301076,1909f56bfc062723c751e8b465ee728b) (PreviewImporter) -> (artifact id: 'd088da0f525da061f02cd837f8a9cc42') in 0.030351542 seconds
Number of updated asset objects reloaded before import = 0Number of asset objects unloaded after import = 528

========================================================================
Received Import Request.
  Time since last request: 0.000053 seconds.
  path: Assets/medieval/Prefabs/wooden_basin.prefab
  artifactKey: Guid(49db4bdf073f5fe4b8d6d01bad6f7e42) Importer(815301076,1909f56bfc062723c751e8b465ee728b)
Start importing Assets/medieval/Prefabs/wooden_basin.prefab using Guid(49db4bdf073f5fe4b8d6d01bad6f7e42) Importer(815301076,1909f56bfc062723c751e8b465ee728b) (PreviewImporter) -> (artifact id: '0b630ed8da599bd570b77eda892f9366') in 0.008141292 seconds
Number of updated asset objects reloaded before import = 0Number of asset objects unloaded after import = 9

========================================================================
Received Import Request.
  Time since last request: 0.000298 seconds.
  path: Assets/medieval/Prefabs/wooden_jar.prefab
  artifactKey: Guid(cf8f0cbe61db7ce42b6daa86ca71892e) Importer(815301076,1909f56bfc062723c751e8b465ee728b)
Start importing Assets/medieval/Prefabs/wooden_jar.prefab using Guid(cf8f0cbe61db7ce42b6daa86ca71892e) Importer(815301076,1909f56bfc062723c751e8b465ee728b) (PreviewImporter) -> (artifact id: '092b5c1f0601b0953c662ca75258f596') in 0.010689375 seconds
Number of updated asset objects reloaded before import = 0Number of asset objects unloaded after import = 9

========================================================================
Received Import Request.
  Time since last request: 0.000047 seconds.
  path: Assets/medieval/Prefabs/weapon_market.prefab
  artifactKey: Guid(bdb02f806a3b44c4bba3eb022914c075) Importer(815301076,1909f56bfc062723c751e8b465ee728b)
Start importing Assets/medieval/Prefabs/weapon_market.prefab using Guid(bdb02f806a3b44c4bba3eb022914c075) Importer(815301076,1909f56bfc062723c751e8b465ee728b) (PreviewImporter) -> (artifact id: '803fdbce8d5150934d2919998218d97a') in 0.014146292 seconds
Number of updated asset objects reloaded before import = 0Number of asset objects unloaded after import = 9

========================================================================
Received Import Request.
  Time since last request: 0.000038 seconds.
  path: Assets/medieval/Prefabs/weapon_rack.prefab
  artifactKey: Guid(e276291d65c5b3f4b8af3da2ec2d9690) Importer(815301076,1909f56bfc062723c751e8b465ee728b)
Start importing Assets/medieval/Prefabs/weapon_rack.prefab using Guid(e276291d65c5b3f4b8af3da2ec2d9690) Importer(815301076,1909f56bfc062723c751e8b465ee728b) (PreviewImporter) -> (artifact id: '4607abf5e563f105be532fd6f0e43fbf') in 0.013751167 seconds
Number of updated asset objects reloaded before import = 0Number of asset objects unloaded after import = 9

========================================================================
Received Import Request.
  Time since last request: 0.000046 seconds.
  path: Assets/medieval/Prefabs/wooden_bowl_01.prefab
  artifactKey: Guid(3be4f1eccf329f241a51b9fc1dce06be) Importer(815301076,1909f56bfc062723c751e8b465ee728b)
Start importing Assets/medieval/Prefabs/wooden_bowl_01.prefab using Guid(3be4f1eccf329f241a51b9fc1dce06be) Importer(815301076,1909f56bfc062723c751e8b465ee728b) (PreviewImporter) -> (artifact id: 'b3623ad3bc4f266e3b7a5b5ab34081ba') in 0.008912209 seconds
Number of updated asset objects reloaded before import = 0Number of asset objects unloaded after import = 9

========================================================================
Received Import Request.
  Time since last request: 4.496465 seconds.
  path: Assets/medieval/Textures
  artifactKey: Guid(b0bcbb5526e34914ea314e2491ed05f3) Importer(815301076,1909f56bfc062723c751e8b465ee728b)
Start importing Assets/medieval/Textures using Guid(b0bcbb5526e34914ea314e2491ed05f3) Importer(815301076,1909f56bfc062723c751e8b465ee728b) (PreviewImporter) -> (artifact id: 'ee8e9a1ed73208b846c3941d62812c98') in 0.000640417 seconds
Number of updated asset objects reloaded before import = 0Number of asset objects unloaded after import = 0

========================================================================
Received Import Request.
  Time since last request: 0.056568 seconds.
  path: Assets/medieval/Textures/Bakery market texture.tif
  artifactKey: Guid(fbcaea10385462040a79c4950d5f65ed) Importer(815301076,1909f56bfc062723c751e8b465ee728b)
Start importing Assets/medieval/Textures/Bakery market texture.tif using Guid(fbcaea10385462040a79c4950d5f65ed) Importer(815301076,1909f56bfc062723c751e8b465ee728b) (PreviewImporter) -> (artifact id: '00ef3d6e722d9b61a946ad980d69f3a9') in 0.015711125 seconds
Number of updated asset objects reloaded before import = 0Number of asset objects unloaded after import = 2

========================================================================
Received Import Request.
  Time since last request: 0.000101 seconds.
  path: Assets/medieval/Textures/vegetables market.tif
  artifactKey: Guid(7892a68ea93a96c41a0de91cd21ded47) Importer(815301076,1909f56bfc062723c751e8b465ee728b)
Start importing Assets/medieval/Textures/vegetables market.tif using Guid(7892a68ea93a96c41a0de91cd21ded47) Importer(815301076,1909f56bfc062723c751e8b465ee728b) (PreviewImporter) -> (artifact id: 'b924ee20fa2dc33606720f22546fdadc') in 0.010710625 seconds
Number of updated asset objects reloaded before import = 0Number of asset objects unloaded after import = 2

========================================================================
Received Import Request.
  Time since last request: 0.000091 seconds.
  path: Assets/medieval/Textures/LaternsEmission.tif
  artifactKey: Guid(b05e25f72fc74f5408cdc9c4f1db9384) Importer(815301076,1909f56bfc062723c751e8b465ee728b)
Start importing Assets/medieval/Textures/LaternsEmission.tif using Guid(b05e25f72fc74f5408cdc9c4f1db9384) Importer(815301076,1909f56bfc062723c751e8b465ee728b) (PreviewImporter) -> (artifact id: '7f55b3a439b0a0563a1bda217bc7262b') in 0.005920625 seconds
Number of updated asset objects reloaded before import = 0Number of asset objects unloaded after import = 2

========================================================================
Received Import Request.
  Time since last request: 0.000077 seconds.
  path: Assets/medieval/Textures/Meat market texture.tif
  artifactKey: Guid(34978df9979467d44ae84ca050561570) Importer(815301076,1909f56bfc062723c751e8b465ee728b)
Start importing Assets/medieval/Textures/Meat market texture.tif using Guid(34978df9979467d44ae84ca050561570) Importer(815301076,1909f56bfc062723c751e8b465ee728b) (PreviewImporter) -> (artifact id: 'ff61259e5f1d15e584906fc508d5b799') in 0.008343584 seconds
Number of updated asset objects reloaded before import = 0Number of asset objects unloaded after import = 2

========================================================================
Received Import Request.
  Time since last request: 5.366260 seconds.
  path: Assets/medieval/Materials
  artifactKey: Guid(d0234ba368eeec9418390da711bfdad0) Importer(815301076,1909f56bfc062723c751e8b465ee728b)
Start importing Assets/medieval/Materials using Guid(d0234ba368eeec9418390da711bfdad0) Importer(815301076,1909f56bfc062723c751e8b465ee728b) (PreviewImporter) -> (artifact id: 'e96eb5a4396099bbbcff4302b1ecb562') in 0.000540792 seconds
Number of updated asset objects reloaded before import = 0Number of asset objects unloaded after import = 0

========================================================================
Received Import Request.
  Time since last request: 0.073877 seconds.
  path: Assets/medieval/Materials/Bakery matket.mat
  artifactKey: Guid(8444303dee6f21e4c943696eae671249) Importer(815301076,1909f56bfc062723c751e8b465ee728b)
Start importing Assets/medieval/Materials/Bakery matket.mat using Guid(8444303dee6f21e4c943696eae671249) Importer(815301076,1909f56bfc062723c751e8b465ee728b) (PreviewImporter) -> (artifact id: 'bc1ca777eec1d2cbcb3f2ec335feb99b') in 0.0346575 seconds
Number of updated asset objects reloaded before import = 0Number of asset objects unloaded after import = 2

========================================================================
Received Import Request.
  Time since last request: 0.000043 seconds.
  path: Assets/medieval/Materials/Laterns.mat
  artifactKey: Guid(8e153a51647cf7f4cb57852c1a31d47d) Importer(815301076,1909f56bfc062723c751e8b465ee728b)
Start importing Assets/medieval/Materials/Laterns.mat using Guid(8e153a51647cf7f4cb57852c1a31d47d) Importer(815301076,1909f56bfc062723c751e8b465ee728b) (PreviewImporter) -> (artifact id: 'fbf47cc7a59fb47dc08e5d21c87db471') in 0.004680583 seconds
Number of updated asset objects reloaded before import = 0Number of asset objects unloaded after import = 3

========================================================================
Received Import Request.
  Time since last request: 0.000039 seconds.
  path: Assets/medieval/Materials/New Material.mat
  artifactKey: Guid(d088d5cff1357234b80222e3036a2198) Importer(815301076,1909f56bfc062723c751e8b465ee728b)
Start importing Assets/medieval/Materials/New Material.mat using Guid(d088d5cff1357234b80222e3036a2198) Importer(815301076,1909f56bfc062723c751e8b465ee728b) (PreviewImporter) -> (artifact id: '750685063001b303f14170f593e0dab6') in 0.005054375 seconds
Number of updated asset objects reloaded before import = 0Number of asset objects unloaded after import = 1

========================================================================
Received Import Request.
  Time since last request: 0.000075 seconds.
  path: Assets/medieval/Materials/Skybox_Mat.mat
  artifactKey: Guid(0ffaa0b7117ba8c47a9d05ae701d4b4d) Importer(815301076,1909f56bfc062723c751e8b465ee728b)
Start importing Assets/medieval/Materials/Skybox_Mat.mat using Guid(0ffaa0b7117ba8c47a9d05ae701d4b4d) Importer(815301076,1909f56bfc062723c751e8b465ee728b) (PreviewImporter) -> (artifact id: '53777b09eca34b8a8dfb66793ed363b1') in 0.141948958 seconds
Number of updated asset objects reloaded before import = 0Number of asset objects unloaded after import = 1

========================================================================
Received Import Request.
  Time since last request: 33.242817 seconds.
  path: Assets/Medieval
  artifactKey: Guid(152662971e5c6244e947b44be47bd5f7) Importer(815301076,1909f56bfc062723c751e8b465ee728b)
Start importing Assets/Medieval using Guid(152662971e5c6244e947b44be47bd5f7) Importer(815301076,1909f56bfc062723c751e8b465ee728b) (PreviewImporter) -> (artifact id: '147d72dcd27d91d5c7389ed190bd1bf5') in 0.000339542 seconds
Number of updated asset objects reloaded before import = 0Number of asset objects unloaded after import = 0

========================================================================
Received Import Request.
  Time since last request: 66.432003 seconds.
  path: Assets/Medieval/Prefabs/Environment
  artifactKey: Guid(03346bbfc6569d445ab97ac0a6846703) Importer(815301076,1909f56bfc062723c751e8b465ee728b)
Start importing Assets/Medieval/Prefabs/Environment using Guid(03346bbfc6569d445ab97ac0a6846703) Importer(815301076,1909f56bfc062723c751e8b465ee728b) (PreviewImporter) -> (artifact id: '1d864294a581a275031c048178324bb3') in 0.00073325 seconds
Number of updated asset objects reloaded before import = 0Number of asset objects unloaded after import = 0

========================================================================
Received Import Request.
  Time since last request: 0.066822 seconds.
  path: Assets/Medieval/Prefabs/Environment/AllGrass.prefab
  artifactKey: Guid(f5de71aef69c62843b610b795151f551) Importer(815301076,1909f56bfc062723c751e8b465ee728b)
Start importing Assets/Medieval/Prefabs/Environment/AllGrass.prefab using Guid(f5de71aef69c62843b610b795151f551) Importer(815301076,1909f56bfc062723c751e8b465ee728b) (PreviewImporter) -> (artifact id: '9745d3a7cfc475a5d76c5fa2e9d06713') in 0.061084792 seconds
Number of updated asset objects reloaded before import = 0Number of asset objects unloaded after import = 7892

========================================================================
Received Import Request.
  Time since last request: 0.000049 seconds.
  path: Assets/Medieval/Prefabs/Environment/tree_03.prefab
  artifactKey: Guid(49a43a0f277453b4e9b4438abaae51d2) Importer(815301076,1909f56bfc062723c751e8b465ee728b)
Start importing Assets/Medieval/Prefabs/Environment/tree_03.prefab using Guid(49a43a0f277453b4e9b4438abaae51d2) Importer(815301076,1909f56bfc062723c751e8b465ee728b) (PreviewImporter) -> (artifact id: '4bd11f1eeeb893a34ae44ca834ca912c') in 0.006302917 seconds
Number of updated asset objects reloaded before import = 0Number of asset objects unloaded after import = 9

========================================================================
Received Import Request.
  Time since last request: 0.000039 seconds.
  path: Assets/Medieval/Prefabs/Environment/grass_02.prefab
  artifactKey: Guid(88b403a665be9744f971d6bc4e878f0e) Importer(815301076,1909f56bfc062723c751e8b465ee728b)
Start importing Assets/Medieval/Prefabs/Environment/grass_02.prefab using Guid(88b403a665be9744f971d6bc4e878f0e) Importer(815301076,1909f56bfc062723c751e8b465ee728b) (PreviewImporter) -> (artifact id: '81964a4f7088a3234f39d82c08cb2256') in 0.005489625 seconds
Number of updated asset objects reloaded before import = 0Number of asset objects unloaded after import = 9

========================================================================
Received Import Request.
  Time since last request: 0.000044 seconds.
  path: Assets/Medieval/Prefabs/Environment/grass_01.prefab
  artifactKey: Guid(31b38e2e572cb2840bb6d968ffe63240) Importer(815301076,1909f56bfc062723c751e8b465ee728b)
Start importing Assets/Medieval/Prefabs/Environment/grass_01.prefab using Guid(31b38e2e572cb2840bb6d968ffe63240) Importer(815301076,1909f56bfc062723c751e8b465ee728b) (PreviewImporter) -> (artifact id: 'c16c54f55b957822d1c5a8c1869a2059') in 0.007923583 seconds
Number of updated asset objects reloaded before import = 0Number of asset objects unloaded after import = 9

========================================================================
Received Import Request.
  Time since last request: 0.000072 seconds.
  path: Assets/Medieval/Prefabs/Environment/trailway_01.prefab
  artifactKey: Guid(1a0dd05a0e8804b49bdb5e15a41afb8f) Importer(815301076,1909f56bfc062723c751e8b465ee728b)
Start importing Assets/Medieval/Prefabs/Environment/trailway_01.prefab using Guid(1a0dd05a0e8804b49bdb5e15a41afb8f) Importer(815301076,1909f56bfc062723c751e8b465ee728b) (PreviewImporter) -> (artifact id: '94f242c062f01b5ff3a39d2b5f65db78') in 0.005590292 seconds
Number of updated asset objects reloaded before import = 0Number of asset objects unloaded after import = 9

========================================================================
Received Import Request.
  Time since last request: 0.000081 seconds.
  path: Assets/Medieval/Prefabs/Environment/trailway_02.prefab
  artifactKey: Guid(94f6ad5cbfa2225449f7a5b5cac83d5f) Importer(815301076,1909f56bfc062723c751e8b465ee728b)
Start importing Assets/Medieval/Prefabs/Environment/trailway_02.prefab using Guid(94f6ad5cbfa2225449f7a5b5cac83d5f) Importer(815301076,1909f56bfc062723c751e8b465ee728b) (PreviewImporter) -> (artifact id: '7f627d507c279aed72c2e6ccf0707330') in 0.005186875 seconds
Number of updated asset objects reloaded before import = 0Number of asset objects unloaded after import = 9

========================================================================
Received Import Request.
  Time since last request: 0.000040 seconds.
  path: Assets/Medieval/Prefabs/Environment/bush_02.prefab
  artifactKey: Guid(19029c1e7c9031d4bb5273374fc0dc4e) Importer(815301076,1909f56bfc062723c751e8b465ee728b)
Start importing Assets/Medieval/Prefabs/Environment/bush_02.prefab using Guid(19029c1e7c9031d4bb5273374fc0dc4e) Importer(815301076,1909f56bfc062723c751e8b465ee728b) (PreviewImporter) -> (artifact id: 'b1032c8baf874cc460a17136ab6062f4') in 0.005667833 seconds
Number of updated asset objects reloaded before import = 0Number of asset objects unloaded after import = 9

========================================================================
Received Import Request.
  Time since last request: 95.471167 seconds.
  path: Assets/Medieval/Prefabs/rack_with_weapon.prefab
  artifactKey: Guid(555dea38b26cb1d4780cf84a97993bd2) Importer(815301076,1909f56bfc062723c751e8b465ee728b)
Start importing Assets/Medieval/Prefabs/rack_with_weapon.prefab using Guid(555dea38b26cb1d4780cf84a97993bd2) Importer(815301076,1909f56bfc062723c751e8b465ee728b) (PreviewImporter) -> (artifact id: '5d715b13dc091adaadce718b95c89fab') in 0.206608 seconds
Number of updated asset objects reloaded before import = 0Number of asset objects unloaded after import = 46

========================================================================
Received Import Request.
  Time since last request: 0.000081 seconds.
  path: Assets/Medieval/Prefabs/wooden_bowl_01.prefab
  artifactKey: Guid(3be4f1eccf329f241a51b9fc1dce06be) Importer(815301076,1909f56bfc062723c751e8b465ee728b)
Start importing Assets/Medieval/Prefabs/wooden_bowl_01.prefab using Guid(3be4f1eccf329f241a51b9fc1dce06be) Importer(815301076,1909f56bfc062723c751e8b465ee728b) (PreviewImporter) -> (artifact id: '90ea21b10cc898d62542ba690cd18864') in 0.024447833 seconds
Number of updated asset objects reloaded before import = 0Number of asset objects unloaded after import = 9

========================================================================
Received Import Request.
  Time since last request: 0.000061 seconds.
  path: Assets/Medieval/Prefabs/table_03.prefab
  artifactKey: Guid(38d4e31a986a6df45a81e209af43aa08) Importer(815301076,1909f56bfc062723c751e8b465ee728b)
Start importing Assets/Medieval/Prefabs/table_03.prefab using Guid(38d4e31a986a6df45a81e209af43aa08) Importer(815301076,1909f56bfc062723c751e8b465ee728b) (PreviewImporter) -> (artifact id: '015d6c6193c0336f4ad95da92663f069') in 0.016933833 seconds
Number of updated asset objects reloaded before import = 0Number of asset objects unloaded after import = 13

========================================================================
Received Import Request.
  Time since last request: 0.000055 seconds.
  path: Assets/Medieval/Prefabs/table_02.prefab
  artifactKey: Guid(98c36059c3fc374479c36f64599c6ef3) Importer(815301076,1909f56bfc062723c751e8b465ee728b)
Start importing Assets/Medieval/Prefabs/table_02.prefab using Guid(98c36059c3fc374479c36f64599c6ef3) Importer(815301076,1909f56bfc062723c751e8b465ee728b) (PreviewImporter) -> (artifact id: '52dc61f22419914b239bd678009dff20') in 0.010633292 seconds
Number of updated asset objects reloaded before import = 0Number of asset objects unloaded after import = 9

========================================================================
Received Import Request.
  Time since last request: 0.000112 seconds.
  path: Assets/Medieval/Prefabs/Weapon_Market_with_objects.prefab
  artifactKey: Guid(6eef9e580c001db45934a1ce61d95a7b) Importer(815301076,1909f56bfc062723c751e8b465ee728b)
Start importing Assets/Medieval/Prefabs/Weapon_Market_with_objects.prefab using Guid(6eef9e580c001db45934a1ce61d95a7b) Importer(815301076,1909f56bfc062723c751e8b465ee728b) (PreviewImporter) -> (artifact id: 'f88f69f02e9ae94d12c8fd63088783aa') in 0.032893625 seconds
Number of updated asset objects reloaded before import = 0Number of asset objects unloaded after import = 528

========================================================================
Received Import Request.
  Time since last request: 0.000050 seconds.
  path: Assets/Medieval/Prefabs/sausages_hanging.prefab
  artifactKey: Guid(2397942164dda9244a32b8d0fbebc32b) Importer(815301076,1909f56bfc062723c751e8b465ee728b)
Start importing Assets/Medieval/Prefabs/sausages_hanging.prefab using Guid(2397942164dda9244a32b8d0fbebc32b) Importer(815301076,1909f56bfc062723c751e8b465ee728b) (PreviewImporter) -> (artifact id: '90a0dc803428b6efcc59d10142754133') in 0.011178208 seconds
Number of updated asset objects reloaded before import = 0Number of asset objects unloaded after import = 9

========================================================================
Received Import Request.
  Time since last request: 0.000060 seconds.
  path: Assets/Medieval/Prefabs/wooden_basin.prefab
  artifactKey: Guid(49db4bdf073f5fe4b8d6d01bad6f7e42) Importer(815301076,1909f56bfc062723c751e8b465ee728b)
Start importing Assets/Medieval/Prefabs/wooden_basin.prefab using Guid(49db4bdf073f5fe4b8d6d01bad6f7e42) Importer(815301076,1909f56bfc062723c751e8b465ee728b) (PreviewImporter) -> (artifact id: '5de95d7d9029f4c069d42bd4e213fa66') in 0.009934791 seconds
Number of updated asset objects reloaded before import = 0Number of asset objects unloaded after import = 9

========================================================================
Received Import Request.
  Time since last request: 0.000165 seconds.
  path: Assets/Medieval/Prefabs/table_with_meat_chease.prefab
  artifactKey: Guid(0c54d0bf7635644479ee2a6d05ee16d2) Importer(815301076,1909f56bfc062723c751e8b465ee728b)
Start importing Assets/Medieval/Prefabs/table_with_meat_chease.prefab using Guid(0c54d0bf7635644479ee2a6d05ee16d2) Importer(815301076,1909f56bfc062723c751e8b465ee728b) (PreviewImporter) -> (artifact id: '3f4cafaf3744851c3e1cfff53d12b10e') in 0.01482775 seconds
Number of updated asset objects reloaded before import = 0Number of asset objects unloaded after import = 78

========================================================================
Received Import Request.
  Time since last request: 0.000050 seconds.
  path: Assets/Medieval/Prefabs/table_with_bottels.prefab
  artifactKey: Guid(733f4be6517664b4f96ee130230f641f) Importer(815301076,1909f56bfc062723c751e8b465ee728b)
Start importing Assets/Medieval/Prefabs/table_with_bottels.prefab using Guid(733f4be6517664b4f96ee130230f641f) Importer(815301076,1909f56bfc062723c751e8b465ee728b) (PreviewImporter) -> (artifact id: '4fb5e70687ec5f89292e3b0be526c5b3') in 0.011967208 seconds
Number of updated asset objects reloaded before import = 0Number of asset objects unloaded after import = 38

========================================================================
Received Import Request.
  Time since last request: 0.000094 seconds.
  path: Assets/Medieval/Prefabs/section_06.prefab
  artifactKey: Guid(b5143ad07080ff841b5a6b60c1c0e1db) Importer(815301076,1909f56bfc062723c751e8b465ee728b)
Start importing Assets/Medieval/Prefabs/section_06.prefab using Guid(b5143ad07080ff841b5a6b60c1c0e1db) Importer(815301076,1909f56bfc062723c751e8b465ee728b) (PreviewImporter) -> (artifact id: '61c165be0d2f53f9e8b87943190d940b') in 0.017870042 seconds
Number of updated asset objects reloaded before import = 0Number of asset objects unloaded after import = 9

========================================================================
Received Import Request.
  Time since last request: 0.000048 seconds.
  path: Assets/Medieval/Prefabs/weapon_market.prefab
  artifactKey: Guid(bdb02f806a3b44c4bba3eb022914c075) Importer(815301076,1909f56bfc062723c751e8b465ee728b)
Start importing Assets/Medieval/Prefabs/weapon_market.prefab using Guid(bdb02f806a3b44c4bba3eb022914c075) Importer(815301076,1909f56bfc062723c751e8b465ee728b) (PreviewImporter) -> (artifact id: '8628d6c9fb2b945dc92a8c874368c801') in 0.016521 seconds
Number of updated asset objects reloaded before import = 0Number of asset objects unloaded after import = 9

========================================================================
Received Import Request.
  Time since last request: 0.000041 seconds.
  path: Assets/Medieval/Prefabs/wall_axes.prefab
  artifactKey: Guid(a5ac0ea15b990ca45b36fec1464a9f2f) Importer(815301076,1909f56bfc062723c751e8b465ee728b)
Start importing Assets/Medieval/Prefabs/wall_axes.prefab using Guid(a5ac0ea15b990ca45b36fec1464a9f2f) Importer(815301076,1909f56bfc062723c751e8b465ee728b) (PreviewImporter) -> (artifact id: 'c3ad2d2ffbd4a4f75d52268615a60529') in 0.01836925 seconds
Number of updated asset objects reloaded before import = 0Number of asset objects unloaded after import = 20

========================================================================
Received Import Request.
  Time since last request: 0.000037 seconds.
  path: Assets/Medieval/Prefabs/weapon_rack.prefab
  artifactKey: Guid(e276291d65c5b3f4b8af3da2ec2d9690) Importer(815301076,1909f56bfc062723c751e8b465ee728b)
Start importing Assets/Medieval/Prefabs/weapon_rack.prefab using Guid(e276291d65c5b3f4b8af3da2ec2d9690) Importer(815301076,1909f56bfc062723c751e8b465ee728b) (PreviewImporter) -> (artifact id: '299d468564279055aac10648d9b081f4') in 0.020146958 seconds
Number of updated asset objects reloaded before import = 0Number of asset objects unloaded after import = 9

========================================================================
Received Import Request.
  Time since last request: 16.209156 seconds.
  path: Assets/Furniture_FREE
  artifactKey: Guid(4a3046b7cd7395d4dae68ca554186a2e) Importer(815301076,1909f56bfc062723c751e8b465ee728b)
Start importing Assets/Furniture_FREE using Guid(4a3046b7cd7395d4dae68ca554186a2e) Importer(815301076,1909f56bfc062723c751e8b465ee728b) (PreviewImporter) -> (artifact id: '4f7fd9a0720bf22599286225b42d0c68') in 0.00083975 seconds
Number of updated asset objects reloaded before import = 0Number of asset objects unloaded after import = 0

========================================================================
Received Import Request.
  Time since last request: 1.645881 seconds.
  path: Assets/Furniture_FREE/Prefabs
  artifactKey: Guid(fc573549ba0374d4b965ffdece19e96d) Importer(815301076,1909f56bfc062723c751e8b465ee728b)
Start importing Assets/Furniture_FREE/Prefabs using Guid(fc573549ba0374d4b965ffdece19e96d) Importer(815301076,1909f56bfc062723c751e8b465ee728b) (PreviewImporter) -> (artifact id: '1fdb0c7bae40923d6ab4e9e9a06112d3') in 0.000436292 seconds
Number of updated asset objects reloaded before import = 0Number of asset objects unloaded after import = 0

========================================================================
Received Import Request.
  Time since last request: 0.038732 seconds.
  path: Assets/Furniture_FREE/Prefabs/air_hockey_001.prefab
  artifactKey: Guid(d5076481aac507e4a8a37c3b0eea7727) Importer(815301076,1909f56bfc062723c751e8b465ee728b)
Start importing Assets/Furniture_FREE/Prefabs/air_hockey_001.prefab using Guid(d5076481aac507e4a8a37c3b0eea7727) Importer(815301076,1909f56bfc062723c751e8b465ee728b) (PreviewImporter) -> (artifact id: '7057726ee28c91f016bd8f25d9f1ca5a') in 0.010569042 seconds
Number of updated asset objects reloaded before import = 0Number of asset objects unloaded after import = 17

========================================================================
Received Import Request.
  Time since last request: 0.000054 seconds.
  path: Assets/Furniture_FREE/Prefabs/box_001.prefab
  artifactKey: Guid(23e60ffe52c59f64ab40ec6e6ce36781) Importer(815301076,1909f56bfc062723c751e8b465ee728b)
Start importing Assets/Furniture_FREE/Prefabs/box_001.prefab using Guid(23e60ffe52c59f64ab40ec6e6ce36781) Importer(815301076,1909f56bfc062723c751e8b465ee728b) (PreviewImporter) -> (artifact id: '02ac46f15371b51655b2a677528de497') in 0.005112458 seconds
Number of updated asset objects reloaded before import = 0Number of asset objects unloaded after import = 17

========================================================================
Received Import Request.
  Time since last request: 0.000033 seconds.
  path: Assets/Furniture_FREE/Prefabs/lamp_002.prefab
  artifactKey: Guid(d586cdda16abbf74e84b1e76b588d8bf) Importer(815301076,1909f56bfc062723c751e8b465ee728b)
Start importing Assets/Furniture_FREE/Prefabs/lamp_002.prefab using Guid(d586cdda16abbf74e84b1e76b588d8bf) Importer(815301076,1909f56bfc062723c751e8b465ee728b) (PreviewImporter) -> (artifact id: '1cd0022e821b6cfc21850572faa559d7') in 0.0074225 seconds
Number of updated asset objects reloaded before import = 0Number of asset objects unloaded after import = 17

========================================================================
Received Import Request.
  Time since last request: 0.000087 seconds.
  path: Assets/Furniture_FREE/Prefabs/kitchen_table_001.prefab
  artifactKey: Guid(7ffe462c97c4b684991a6f9472318357) Importer(815301076,1909f56bfc062723c751e8b465ee728b)
Start importing Assets/Furniture_FREE/Prefabs/kitchen_table_001.prefab using Guid(7ffe462c97c4b684991a6f9472318357) Importer(815301076,1909f56bfc062723c751e8b465ee728b) (PreviewImporter) -> (artifact id: 'f1b25a340883036ed9b4f7b9d2f46963') in 0.020753958 seconds
Number of updated asset objects reloaded before import = 0Number of asset objects unloaded after import = 17

========================================================================
Received Import Request.
  Time since last request: 0.000042 seconds.
  path: Assets/Furniture_FREE/Prefabs/dumbbell_001.prefab
  artifactKey: Guid(f556d04045a305d4d8c954744120bad6) Importer(815301076,1909f56bfc062723c751e8b465ee728b)
Start importing Assets/Furniture_FREE/Prefabs/dumbbell_001.prefab using Guid(f556d04045a305d4d8c954744120bad6) Importer(815301076,1909f56bfc062723c751e8b465ee728b) (PreviewImporter) -> (artifact id: '0ae2982eacc501d51442f31ab4ec82c4') in 0.004420833 seconds
Number of updated asset objects reloaded before import = 0Number of asset objects unloaded after import = 17

========================================================================
Received Import Request.
  Time since last request: 0.000035 seconds.
  path: Assets/Furniture_FREE/Prefabs/toy_001.prefab
  artifactKey: Guid(eeaad410de59e8c408e89f8f1260dece) Importer(815301076,1909f56bfc062723c751e8b465ee728b)
Start importing Assets/Furniture_FREE/Prefabs/toy_001.prefab using Guid(eeaad410de59e8c408e89f8f1260dece) Importer(815301076,1909f56bfc062723c751e8b465ee728b) (PreviewImporter) -> (artifact id: '7617e7e0f4aba4bd25236b421737c66f') in 0.005257042 seconds
Number of updated asset objects reloaded before import = 0Number of asset objects unloaded after import = 17

========================================================================
Received Import Request.
  Time since last request: 0.000041 seconds.
  path: Assets/Furniture_FREE/Prefabs/lamp_001.prefab
  artifactKey: Guid(a47bc71942f460a47ab5fdebb4abd678) Importer(815301076,1909f56bfc062723c751e8b465ee728b)
Start importing Assets/Furniture_FREE/Prefabs/lamp_001.prefab using Guid(a47bc71942f460a47ab5fdebb4abd678) Importer(815301076,1909f56bfc062723c751e8b465ee728b) (PreviewImporter) -> (artifact id: '26bab858e2be32f14ee1d0c7f457a4e7') in 0.005983042 seconds
Number of updated asset objects reloaded before import = 0Number of asset objects unloaded after import = 17

========================================================================
Received Import Request.
  Time since last request: 0.000036 seconds.
  path: Assets/Furniture_FREE/Prefabs/kitchen_sink_001.prefab
  artifactKey: Guid(9f5e01d181b4aca42913e46cd6c8023d) Importer(815301076,1909f56bfc062723c751e8b465ee728b)
Start importing Assets/Furniture_FREE/Prefabs/kitchen_sink_001.prefab using Guid(9f5e01d181b4aca42913e46cd6c8023d) Importer(815301076,1909f56bfc062723c751e8b465ee728b) (PreviewImporter) -> (artifact id: 'c3e69151be2025719bac83ed450b4dd2') in 0.004655875 seconds
Number of updated asset objects reloaded before import = 0Number of asset objects unloaded after import = 17

========================================================================
Received Import Request.
  Time since last request: 0.000049 seconds.
  path: Assets/Furniture_FREE/Prefabs/training_item_001.prefab
  artifactKey: Guid(ab145dca38e163c4f83421188439db38) Importer(815301076,1909f56bfc062723c751e8b465ee728b)
Start importing Assets/Furniture_FREE/Prefabs/training_item_001.prefab using Guid(ab145dca38e163c4f83421188439db38) Importer(815301076,1909f56bfc062723c751e8b465ee728b) (PreviewImporter) -> (artifact id: 'a40d57d1677d8de94785a94491e74ceb') in 0.005386166 seconds
Number of updated asset objects reloaded before import = 0Number of asset objects unloaded after import = 17

========================================================================
Received Import Request.
  Time since last request: 0.000122 seconds.
  path: Assets/Furniture_FREE/Prefabs/door_frame_001.prefab
  artifactKey: Guid(2c711d445f487fa49adbf49a47841599) Importer(815301076,1909f56bfc062723c751e8b465ee728b)
Start importing Assets/Furniture_FREE/Prefabs/door_frame_001.prefab using Guid(2c711d445f487fa49adbf49a47841599) Importer(815301076,1909f56bfc062723c751e8b465ee728b) (PreviewImporter) -> (artifact id: '325666d0a5a2ebbdcf9bf8ff39879b12') in 0.005334041 seconds
Number of updated asset objects reloaded before import = 0Number of asset objects unloaded after import = 17

========================================================================
Received Import Request.
  Time since last request: 0.000043 seconds.
  path: Assets/Furniture_FREE/Prefabs/fridge_001.prefab
  artifactKey: Guid(a457d02d5bf10c9459386d5931ca3a94) Importer(815301076,1909f56bfc062723c751e8b465ee728b)
Start importing Assets/Furniture_FREE/Prefabs/fridge_001.prefab using Guid(a457d02d5bf10c9459386d5931ca3a94) Importer(815301076,1909f56bfc062723c751e8b465ee728b) (PreviewImporter) -> (artifact id: 'ad805c3743f99ed378db3ccf165d541e') in 0.004692291 seconds
Number of updated asset objects reloaded before import = 0Number of asset objects unloaded after import = 17

========================================================================
Received Import Request.
  Time since last request: 0.000038 seconds.
  path: Assets/Furniture_FREE/Prefabs/dish_001.prefab
  artifactKey: Guid(04d7a2c18c48996478ccd0fa2f0627f0) Importer(815301076,1909f56bfc062723c751e8b465ee728b)
Start importing Assets/Furniture_FREE/Prefabs/dish_001.prefab using Guid(04d7a2c18c48996478ccd0fa2f0627f0) Importer(815301076,1909f56bfc062723c751e8b465ee728b) (PreviewImporter) -> (artifact id: 'a4855793e79f76d7cf6d76dc2de8c51f') in 0.018726375 seconds
Number of updated asset objects reloaded before import = 0Number of asset objects unloaded after import = 17

========================================================================
Received Import Request.
  Time since last request: 0.000044 seconds.
  path: Assets/Furniture_FREE/Prefabs/clothes_001.prefab
  artifactKey: Guid(de5541a6f611e194dad2bc6ba668ed75) Importer(815301076,1909f56bfc062723c751e8b465ee728b)
Start importing Assets/Furniture_FREE/Prefabs/clothes_001.prefab using Guid(de5541a6f611e194dad2bc6ba668ed75) Importer(815301076,1909f56bfc062723c751e8b465ee728b) (PreviewImporter) -> (artifact id: '3dac18423e304b637f44da2d3c1318de') in 0.005506542 seconds
Number of updated asset objects reloaded before import = 0Number of asset objects unloaded after import = 17

========================================================================
Received Import Request.
  Time since last request: 0.000062 seconds.
  path: Assets/Furniture_FREE/Prefabs/drink_002.prefab
  artifactKey: Guid(1909352e3a186894fbd045ac8fe132b8) Importer(815301076,1909f56bfc062723c751e8b465ee728b)
Start importing Assets/Furniture_FREE/Prefabs/drink_002.prefab using Guid(1909352e3a186894fbd045ac8fe132b8) Importer(815301076,1909f56bfc062723c751e8b465ee728b) (PreviewImporter) -> (artifact id: 'ca48360b07353f17d06a9276b6129398') in 0.005057292 seconds
Number of updated asset objects reloaded before import = 0Number of asset objects unloaded after import = 17

========================================================================
Received Import Request.
  Time since last request: 0.000112 seconds.
  path: Assets/Furniture_FREE/Prefabs/closet_002.prefab
  artifactKey: Guid(fb10bf7391b6c704ea27ed75d5eee5df) Importer(815301076,1909f56bfc062723c751e8b465ee728b)
Start importing Assets/Furniture_FREE/Prefabs/closet_002.prefab using Guid(fb10bf7391b6c704ea27ed75d5eee5df) Importer(815301076,1909f56bfc062723c751e8b465ee728b) (PreviewImporter) -> (artifact id: 'f370159eff648f0baf959df4568bb231') in 0.005340333 seconds
Number of updated asset objects reloaded before import = 0Number of asset objects unloaded after import = 17

========================================================================
Received Import Request.
  Time since last request: 0.000062 seconds.
  path: Assets/Furniture_FREE/Prefabs/ketchup_001.prefab
  artifactKey: Guid(5895ab0d93729844eb987d6034e2908c) Importer(815301076,1909f56bfc062723c751e8b465ee728b)
Start importing Assets/Furniture_FREE/Prefabs/ketchup_001.prefab using Guid(5895ab0d93729844eb987d6034e2908c) Importer(815301076,1909f56bfc062723c751e8b465ee728b) (PreviewImporter) -> (artifact id: '88f16d84299338de5a042412f453a7ac') in 0.005133625 seconds
Number of updated asset objects reloaded before import = 0Number of asset objects unloaded after import = 17

========================================================================
Received Import Request.
  Time since last request: 0.000043 seconds.
  path: Assets/Furniture_FREE/Prefabs/toy_002.prefab
  artifactKey: Guid(a9b3dec6c36033744a62441b6a92cd76) Importer(815301076,1909f56bfc062723c751e8b465ee728b)
Start importing Assets/Furniture_FREE/Prefabs/toy_002.prefab using Guid(a9b3dec6c36033744a62441b6a92cd76) Importer(815301076,1909f56bfc062723c751e8b465ee728b) (PreviewImporter) -> (artifact id: '1bd92f2fb30027665895413aeabe9a15') in 0.005046125 seconds
Number of updated asset objects reloaded before import = 0Number of asset objects unloaded after import = 17

========================================================================
Received Import Request.
  Time since last request: 0.000032 seconds.
  path: Assets/Furniture_FREE/Prefabs/door_001.prefab
  artifactKey: Guid(29da025a34eaa5d4eabe6fac544b245d) Importer(815301076,1909f56bfc062723c751e8b465ee728b)
Start importing Assets/Furniture_FREE/Prefabs/door_001.prefab using Guid(29da025a34eaa5d4eabe6fac544b245d) Importer(815301076,1909f56bfc062723c751e8b465ee728b) (PreviewImporter) -> (artifact id: '308741101a36eb62cc9746846bf5e077') in 0.004315625 seconds
Number of updated asset objects reloaded before import = 0Number of asset objects unloaded after import = 17

========================================================================
Received Import Request.
  Time since last request: 0.000054 seconds.
  path: Assets/Furniture_FREE/Prefabs/lounge_chair_001.prefab
  artifactKey: Guid(4c4b2b0935db72a45a61b3a6e86d95bf) Importer(815301076,1909f56bfc062723c751e8b465ee728b)
Start importing Assets/Furniture_FREE/Prefabs/lounge_chair_001.prefab using Guid(4c4b2b0935db72a45a61b3a6e86d95bf) Importer(815301076,1909f56bfc062723c751e8b465ee728b) (PreviewImporter) -> (artifact id: 'ee6ea589ddbe00d8155b39de7c8e157b') in 0.006049375 seconds
Number of updated asset objects reloaded before import = 0Number of asset objects unloaded after import = 17

========================================================================
Received Import Request.
  Time since last request: 0.000098 seconds.
  path: Assets/Furniture_FREE/Prefabs/flower_001.prefab
  artifactKey: Guid(625c63d1d4491964d8bdca1e8140e3c1) Importer(815301076,1909f56bfc062723c751e8b465ee728b)
Start importing Assets/Furniture_FREE/Prefabs/flower_001.prefab using Guid(625c63d1d4491964d8bdca1e8140e3c1) Importer(815301076,1909f56bfc062723c751e8b465ee728b) (PreviewImporter) -> (artifact id: '0c923a78a4f7ac252fcd44771354f6a5') in 0.005041959 seconds
Number of updated asset objects reloaded before import = 0Number of asset objects unloaded after import = 17

========================================================================
Received Import Request.
  Time since last request: 0.000055 seconds.
  path: Assets/Furniture_FREE/Prefabs/musical_instrument_001.prefab
  artifactKey: Guid(ff8bf27806498b14db60a3c20a21eec2) Importer(815301076,1909f56bfc062723c751e8b465ee728b)
Start importing Assets/Furniture_FREE/Prefabs/musical_instrument_001.prefab using Guid(ff8bf27806498b14db60a3c20a21eec2) Importer(815301076,1909f56bfc062723c751e8b465ee728b) (PreviewImporter) -> (artifact id: '8130a01408035518c89fed8688858331') in 0.006018041 seconds
Number of updated asset objects reloaded before import = 0Number of asset objects unloaded after import = 17

